[0.536s] Invoking command in '/home/tufail39/ros2_ws_dod/build/my_robot_controller': PYTHONPATH=/home/tufail39/ros2_ws_dod/build/my_robot_controller/prefix_override:/usr/lib/python3/dist-packages/colcon_core/task/python/colcon_distutils_commands:/home/tufail39/ros2_ws_dod/install/my_robot_controller/lib/python3.10/site-packages:${PYTHONPATH} /usr/bin/python3 -W ignore:setup.py install is deprecated setup.py develop --editable --build-directory /home/tufail39/ros2_ws_dod/build/my_robot_controller/build --no-deps symlink_data
[0.767s] running develop
[0.767s] /usr/lib/python3/dist-packages/setuptools/command/easy_install.py:158: EasyInstallDeprecationWarning: easy_install command is deprecated. Use build and pip and other standards-based tools.
[0.767s]   warnings.warn(
[0.917s] running egg_info
[0.917s] writing my_robot_controller.egg-info/PKG-INFO
[0.917s] writing dependency_links to my_robot_controller.egg-info/dependency_links.txt
[0.917s] writing entry points to my_robot_controller.egg-info/entry_points.txt
[0.918s] writing requirements to my_robot_controller.egg-info/requires.txt
[0.918s] writing top-level names to my_robot_controller.egg-info/top_level.txt
[0.919s] reading manifest file 'my_robot_controller.egg-info/SOURCES.txt'
[0.920s] writing manifest file 'my_robot_controller.egg-info/SOURCES.txt'
[0.921s] running build_ext
[0.921s] Creating /home/tufail39/ros2_ws_dod/install/my_robot_controller/lib/python3.10/site-packages/my-robot-controller.egg-link (link to .)
[0.922s] Installing publisher_test script to /home/tufail39/ros2_ws_dod/install/my_robot_controller/lib/my_robot_controller
[0.922s] Installing subscriber script to /home/tufail39/ros2_ws_dod/install/my_robot_controller/lib/my_robot_controller
[0.922s] Installing test_node script to /home/tufail39/ros2_ws_dod/install/my_robot_controller/lib/my_robot_controller
[0.922s] Installing turtle_controller script to /home/tufail39/ros2_ws_dod/install/my_robot_controller/lib/my_robot_controller
[0.922s] Installing turtlesim_pose_subscriber script to /home/tufail39/ros2_ws_dod/install/my_robot_controller/lib/my_robot_controller
[0.922s] 
[0.923s] Installed /home/tufail39/ros2_ws_dod/build/my_robot_controller
[0.923s] running symlink_data
[0.943s] Invoked command in '/home/tufail39/ros2_ws_dod/build/my_robot_controller' returned '0': PYTHONPATH=/home/tufail39/ros2_ws_dod/build/my_robot_controller/prefix_override:/usr/lib/python3/dist-packages/colcon_core/task/python/colcon_distutils_commands:/home/tufail39/ros2_ws_dod/install/my_robot_controller/lib/python3.10/site-packages:${PYTHONPATH} /usr/bin/python3 -W ignore:setup.py install is deprecated setup.py develop --editable --build-directory /home/tufail39/ros2_ws_dod/build/my_robot_controller/build --no-deps symlink_data
