[0.617s] Invoking command in '/home/tufail39/ros2_ws_dod/build/my_robot_controller': PYTHONPATH=/home/tufail39/ros2_ws_dod/build/my_robot_controller/prefix_override:/usr/lib/python3/dist-packages/colcon_core/task/python/colcon_distutils_commands:/home/tufail39/ros2_ws_dod/install/my_robot_controller/lib/python3.10/site-packages:${PYTHONPATH} /usr/bin/python3 -W ignore:setup.py install is deprecated -W ignore:easy_install command is deprecated setup.py develop --editable --build-directory /home/tufail39/ros2_ws_dod/build/my_robot_controller/build --no-deps symlink_data
[0.855s] running develop
[1.012s] running egg_info
[1.012s] writing my_robot_controller.egg-info/PKG-INFO
[1.012s] writing dependency_links to my_robot_controller.egg-info/dependency_links.txt
[1.012s] writing entry points to my_robot_controller.egg-info/entry_points.txt
[1.012s] writing requirements to my_robot_controller.egg-info/requires.txt
[1.012s] writing top-level names to my_robot_controller.egg-info/top_level.txt
[1.014s] reading manifest file 'my_robot_controller.egg-info/SOURCES.txt'
[1.015s] writing manifest file 'my_robot_controller.egg-info/SOURCES.txt'
[1.016s] running build_ext
[1.016s] Creating /home/tufail39/ros2_ws_dod/install/my_robot_controller/lib/python3.10/site-packages/my-robot-controller.egg-link (link to .)
[1.017s] Installing draw_circle script to /home/tufail39/ros2_ws_dod/install/my_robot_controller/lib/my_robot_controller
[1.017s] Installing publisher_test script to /home/tufail39/ros2_ws_dod/install/my_robot_controller/lib/my_robot_controller
[1.018s] Installing subscriber script to /home/tufail39/ros2_ws_dod/install/my_robot_controller/lib/my_robot_controller
[1.018s] Installing test_node script to /home/tufail39/ros2_ws_dod/install/my_robot_controller/lib/my_robot_controller
[1.018s] Installing turtle_controller script to /home/tufail39/ros2_ws_dod/install/my_robot_controller/lib/my_robot_controller
[1.018s] Installing turtlesim_pose_subscriber script to /home/tufail39/ros2_ws_dod/install/my_robot_controller/lib/my_robot_controller
[1.018s] 
[1.018s] Installed /home/tufail39/ros2_ws_dod/build/my_robot_controller
[1.018s] running symlink_data
[1.041s] Invoked command in '/home/tufail39/ros2_ws_dod/build/my_robot_controller' returned '0': PYTHONPATH=/home/tufail39/ros2_ws_dod/build/my_robot_controller/prefix_override:/usr/lib/python3/dist-packages/colcon_core/task/python/colcon_distutils_commands:/home/tufail39/ros2_ws_dod/install/my_robot_controller/lib/python3.10/site-packages:${PYTHONPATH} /usr/bin/python3 -W ignore:setup.py install is deprecated -W ignore:easy_install command is deprecated setup.py develop --editable --build-directory /home/tufail39/ros2_ws_dod/build/my_robot_controller/build --no-deps symlink_data
