[0.117s] DEBUG:colcon:Command line arguments: ['/usr/bin/colcon', 'build', '--symlink-install']
[0.117s] DEBUG:colcon:Parsed command line arguments: Namespace(log_base=None, log_level=None, verb_name='build', build_base='build', install_base='install', merge_install=False, symlink_install=True, test_result_base=None, continue_on_error=False, executor='parallel', parallel_workers=16, event_handlers=None, ignore_user_meta=False, metas=['./colcon.meta'], base_paths=['.'], packages_ignore=None, packages_ignore_regex=None, paths=None, packages_up_to=None, packages_up_to_regex=None, packages_above=None, packages_above_and_dependencies=None, packages_above_depth=None, packages_select_by_dep=None, packages_skip_by_dep=None, packages_skip_up_to=None, packages_select_build_failed=False, packages_skip_build_finished=False, packages_select_test_failures=False, packages_skip_test_passed=False, packages_select=None, packages_skip=None, packages_select_regex=None, packages_skip_regex=None, packages_start=None, packages_end=None, allow_overriding=[], cmake_args=None, cmake_target=None, cmake_target_skip_unavailable=False, cmake_clean_cache=False, cmake_clean_first=False, cmake_force_configure=False, ament_cmake_args=None, catkin_cmake_args=None, catkin_skip_building_tests=False, verb_parser=<colcon_defaults.argument_parser.defaults.DefaultArgumentsDecorator object at 0x7facd5c8c940>, verb_extension=<colcon_core.verb.build.BuildVerb object at 0x7facd5c8c430>, main=<bound method BuildVerb.main of <colcon_core.verb.build.BuildVerb object at 0x7facd5c8c430>>)
[0.321s] Level 1:colcon.colcon_core.package_discovery:discover_packages(colcon_meta) check parameters
[0.321s] Level 1:colcon.colcon_core.package_discovery:discover_packages(recursive) check parameters
[0.321s] Level 1:colcon.colcon_core.package_discovery:discover_packages(ignore) check parameters
[0.321s] Level 1:colcon.colcon_core.package_discovery:discover_packages(path) check parameters
[0.321s] Level 1:colcon.colcon_core.package_discovery:discover_packages(colcon_meta) discover
[0.322s] Level 1:colcon.colcon_core.package_discovery:discover_packages(recursive) discover
[0.322s] INFO:colcon.colcon_core.package_discovery:Crawling recursively for packages in '/home/tufail39/ros2_ws_dod'
[0.322s] Level 1:colcon.colcon_core.package_identification:_identify(.) by extensions ['ignore', 'ignore_ament_install']
[0.322s] Level 1:colcon.colcon_core.package_identification:_identify(.) by extension 'ignore'
[0.322s] Level 1:colcon.colcon_core.package_identification:_identify(.) by extension 'ignore_ament_install'
[0.322s] Level 1:colcon.colcon_core.package_identification:_identify(.) by extensions ['colcon_pkg']
[0.322s] Level 1:colcon.colcon_core.package_identification:_identify(.) by extension 'colcon_pkg'
[0.322s] Level 1:colcon.colcon_core.package_identification:_identify(.) by extensions ['colcon_meta']
[0.322s] Level 1:colcon.colcon_core.package_identification:_identify(.) by extension 'colcon_meta'
[0.322s] Level 1:colcon.colcon_core.package_identification:_identify(.) by extensions ['ros']
[0.322s] Level 1:colcon.colcon_core.package_identification:_identify(.) by extension 'ros'
[0.332s] Level 1:colcon.colcon_core.package_identification:_identify(.) by extensions ['cmake', 'python']
[0.332s] Level 1:colcon.colcon_core.package_identification:_identify(.) by extension 'cmake'
[0.332s] Level 1:colcon.colcon_core.package_identification:_identify(.) by extension 'python'
[0.332s] Level 1:colcon.colcon_core.package_identification:_identify(.) by extensions ['python_setup_py']
[0.332s] Level 1:colcon.colcon_core.package_identification:_identify(.) by extension 'python_setup_py'
[0.332s] Level 1:colcon.colcon_core.package_identification:_identify(build) by extensions ['ignore', 'ignore_ament_install']
[0.332s] Level 1:colcon.colcon_core.package_identification:_identify(build) by extension 'ignore'
[0.332s] Level 1:colcon.colcon_core.package_identification:_identify(build) ignored
[0.333s] Level 1:colcon.colcon_core.package_identification:_identify(install) by extensions ['ignore', 'ignore_ament_install']
[0.333s] Level 1:colcon.colcon_core.package_identification:_identify(install) by extension 'ignore'
[0.333s] Level 1:colcon.colcon_core.package_identification:_identify(install) ignored
[0.333s] Level 1:colcon.colcon_core.package_identification:_identify(log) by extensions ['ignore', 'ignore_ament_install']
[0.333s] Level 1:colcon.colcon_core.package_identification:_identify(log) by extension 'ignore'
[0.333s] Level 1:colcon.colcon_core.package_identification:_identify(log) ignored
[0.333s] Level 1:colcon.colcon_core.package_identification:_identify(src) by extensions ['ignore', 'ignore_ament_install']
[0.333s] Level 1:colcon.colcon_core.package_identification:_identify(src) by extension 'ignore'
[0.333s] Level 1:colcon.colcon_core.package_identification:_identify(src) by extension 'ignore_ament_install'
[0.333s] Level 1:colcon.colcon_core.package_identification:_identify(src) by extensions ['colcon_pkg']
[0.333s] Level 1:colcon.colcon_core.package_identification:_identify(src) by extension 'colcon_pkg'
[0.333s] Level 1:colcon.colcon_core.package_identification:_identify(src) by extensions ['colcon_meta']
[0.333s] Level 1:colcon.colcon_core.package_identification:_identify(src) by extension 'colcon_meta'
[0.333s] Level 1:colcon.colcon_core.package_identification:_identify(src) by extensions ['ros']
[0.333s] Level 1:colcon.colcon_core.package_identification:_identify(src) by extension 'ros'
[0.334s] Level 1:colcon.colcon_core.package_identification:_identify(src) by extensions ['cmake', 'python']
[0.334s] Level 1:colcon.colcon_core.package_identification:_identify(src) by extension 'cmake'
[0.334s] Level 1:colcon.colcon_core.package_identification:_identify(src) by extension 'python'
[0.334s] Level 1:colcon.colcon_core.package_identification:_identify(src) by extensions ['python_setup_py']
[0.334s] Level 1:colcon.colcon_core.package_identification:_identify(src) by extension 'python_setup_py'
[0.334s] Level 1:colcon.colcon_core.package_identification:_identify(src/my_action_package) by extensions ['ignore', 'ignore_ament_install']
[0.334s] Level 1:colcon.colcon_core.package_identification:_identify(src/my_action_package) by extension 'ignore'
[0.334s] Level 1:colcon.colcon_core.package_identification:_identify(src/my_action_package) by extension 'ignore_ament_install'
[0.334s] Level 1:colcon.colcon_core.package_identification:_identify(src/my_action_package) by extensions ['colcon_pkg']
[0.334s] Level 1:colcon.colcon_core.package_identification:_identify(src/my_action_package) by extension 'colcon_pkg'
[0.334s] Level 1:colcon.colcon_core.package_identification:_identify(src/my_action_package) by extensions ['colcon_meta']
[0.334s] Level 1:colcon.colcon_core.package_identification:_identify(src/my_action_package) by extension 'colcon_meta'
[0.334s] Level 1:colcon.colcon_core.package_identification:_identify(src/my_action_package) by extensions ['ros']
[0.334s] Level 1:colcon.colcon_core.package_identification:_identify(src/my_action_package) by extension 'ros'
[0.337s] DEBUG:colcon.colcon_core.package_identification:Package 'src/my_action_package' with type 'ros.ament_python' and name 'my_action_package'
[0.337s] Level 1:colcon.colcon_core.package_identification:_identify(src/my_robot_controller) by extensions ['ignore', 'ignore_ament_install']
[0.337s] Level 1:colcon.colcon_core.package_identification:_identify(src/my_robot_controller) by extension 'ignore'
[0.337s] Level 1:colcon.colcon_core.package_identification:_identify(src/my_robot_controller) by extension 'ignore_ament_install'
[0.337s] Level 1:colcon.colcon_core.package_identification:_identify(src/my_robot_controller) by extensions ['colcon_pkg']
[0.337s] Level 1:colcon.colcon_core.package_identification:_identify(src/my_robot_controller) by extension 'colcon_pkg'
[0.337s] Level 1:colcon.colcon_core.package_identification:_identify(src/my_robot_controller) by extensions ['colcon_meta']
[0.338s] Level 1:colcon.colcon_core.package_identification:_identify(src/my_robot_controller) by extension 'colcon_meta'
[0.338s] Level 1:colcon.colcon_core.package_identification:_identify(src/my_robot_controller) by extensions ['ros']
[0.338s] Level 1:colcon.colcon_core.package_identification:_identify(src/my_robot_controller) by extension 'ros'
[0.338s] DEBUG:colcon.colcon_core.package_identification:Package 'src/my_robot_controller' with type 'ros.ament_python' and name 'my_robot_controller'
[0.338s] Level 1:colcon.colcon_core.package_discovery:discover_packages(recursive) using defaults
[0.338s] Level 1:colcon.colcon_core.package_discovery:discover_packages(ignore) discover
[0.338s] Level 1:colcon.colcon_core.package_discovery:discover_packages(ignore) using defaults
[0.338s] Level 1:colcon.colcon_core.package_discovery:discover_packages(path) discover
[0.338s] Level 1:colcon.colcon_core.package_discovery:discover_packages(path) using defaults
[0.357s] Level 1:colcon.colcon_core.package_discovery:discover_packages(prefix_path) check parameters
[0.357s] Level 1:colcon.colcon_core.package_discovery:discover_packages(prefix_path) discover
[0.359s] DEBUG:colcon.colcon_installed_package_information.package_discovery:Found 1 installed packages in /home/tufail39/ros2_ws_dod/install
[0.360s] DEBUG:colcon.colcon_installed_package_information.package_discovery:Found 270 installed packages in /opt/ros/humble
[0.368s] Level 1:colcon.colcon_core.package_discovery:discover_packages(prefix_path) using defaults
[0.403s] Level 5:colcon.colcon_core.verb:set package 'my_action_package' build argument 'cmake_args' from command line to 'None'
[0.403s] Level 5:colcon.colcon_core.verb:set package 'my_action_package' build argument 'cmake_target' from command line to 'None'
[0.403s] Level 5:colcon.colcon_core.verb:set package 'my_action_package' build argument 'cmake_target_skip_unavailable' from command line to 'False'
[0.403s] Level 5:colcon.colcon_core.verb:set package 'my_action_package' build argument 'cmake_clean_cache' from command line to 'False'
[0.403s] Level 5:colcon.colcon_core.verb:set package 'my_action_package' build argument 'cmake_clean_first' from command line to 'False'
[0.403s] Level 5:colcon.colcon_core.verb:set package 'my_action_package' build argument 'cmake_force_configure' from command line to 'False'
[0.403s] Level 5:colcon.colcon_core.verb:set package 'my_action_package' build argument 'ament_cmake_args' from command line to 'None'
[0.403s] Level 5:colcon.colcon_core.verb:set package 'my_action_package' build argument 'catkin_cmake_args' from command line to 'None'
[0.403s] Level 5:colcon.colcon_core.verb:set package 'my_action_package' build argument 'catkin_skip_building_tests' from command line to 'False'
[0.403s] DEBUG:colcon.colcon_core.verb:Building package 'my_action_package' with the following arguments: {'ament_cmake_args': None, 'build_base': '/home/tufail39/ros2_ws_dod/build/my_action_package', 'catkin_cmake_args': None, 'catkin_skip_building_tests': False, 'cmake_args': None, 'cmake_clean_cache': False, 'cmake_clean_first': False, 'cmake_force_configure': False, 'cmake_target': None, 'cmake_target_skip_unavailable': False, 'install_base': '/home/tufail39/ros2_ws_dod/install/my_action_package', 'merge_install': False, 'path': '/home/tufail39/ros2_ws_dod/src/my_action_package', 'symlink_install': True, 'test_result_base': None}
[0.404s] Level 5:colcon.colcon_core.verb:set package 'my_robot_controller' build argument 'cmake_args' from command line to 'None'
[0.404s] Level 5:colcon.colcon_core.verb:set package 'my_robot_controller' build argument 'cmake_target' from command line to 'None'
[0.404s] Level 5:colcon.colcon_core.verb:set package 'my_robot_controller' build argument 'cmake_target_skip_unavailable' from command line to 'False'
[0.404s] Level 5:colcon.colcon_core.verb:set package 'my_robot_controller' build argument 'cmake_clean_cache' from command line to 'False'
[0.404s] Level 5:colcon.colcon_core.verb:set package 'my_robot_controller' build argument 'cmake_clean_first' from command line to 'False'
[0.404s] Level 5:colcon.colcon_core.verb:set package 'my_robot_controller' build argument 'cmake_force_configure' from command line to 'False'
[0.404s] Level 5:colcon.colcon_core.verb:set package 'my_robot_controller' build argument 'ament_cmake_args' from command line to 'None'
[0.404s] Level 5:colcon.colcon_core.verb:set package 'my_robot_controller' build argument 'catkin_cmake_args' from command line to 'None'
[0.404s] Level 5:colcon.colcon_core.verb:set package 'my_robot_controller' build argument 'catkin_skip_building_tests' from command line to 'False'
[0.404s] DEBUG:colcon.colcon_core.verb:Building package 'my_robot_controller' with the following arguments: {'ament_cmake_args': None, 'build_base': '/home/tufail39/ros2_ws_dod/build/my_robot_controller', 'catkin_cmake_args': None, 'catkin_skip_building_tests': False, 'cmake_args': None, 'cmake_clean_cache': False, 'cmake_clean_first': False, 'cmake_force_configure': False, 'cmake_target': None, 'cmake_target_skip_unavailable': False, 'install_base': '/home/tufail39/ros2_ws_dod/install/my_robot_controller', 'merge_install': False, 'path': '/home/tufail39/ros2_ws_dod/src/my_robot_controller', 'symlink_install': True, 'test_result_base': None}
[0.404s] INFO:colcon.colcon_core.executor:Executing jobs using 'parallel' executor
[0.405s] DEBUG:colcon.colcon_parallel_executor.executor.parallel:run_until_complete
[0.405s] INFO:colcon.colcon_ros.task.ament_python.build:Building ROS package in '/home/tufail39/ros2_ws_dod/src/my_action_package' with build type 'ament_python'
[0.405s] Level 1:colcon.colcon_core.shell:create_environment_hook('my_action_package', 'ament_prefix_path')
[0.408s] INFO:colcon.colcon_core.plugin_system:Skipping extension 'colcon_core.shell.bat': Not used on non-Windows systems
[0.408s] INFO:colcon.colcon_core.shell:Creating environment hook '/home/tufail39/ros2_ws_dod/install/my_action_package/share/my_action_package/hook/ament_prefix_path.ps1'
[0.409s] INFO:colcon.colcon_core.shell:Creating environment descriptor '/home/tufail39/ros2_ws_dod/install/my_action_package/share/my_action_package/hook/ament_prefix_path.dsv'
[0.409s] INFO:colcon.colcon_core.shell:Creating environment hook '/home/tufail39/ros2_ws_dod/install/my_action_package/share/my_action_package/hook/ament_prefix_path.sh'
[0.410s] INFO:colcon.colcon_core.shell:Skip shell extension 'powershell' for command environment: Not usable outside of PowerShell
[0.410s] DEBUG:colcon.colcon_core.shell:Skip shell extension 'dsv' for command environment
[0.412s] INFO:colcon.colcon_ros.task.ament_python.build:Building ROS package in '/home/tufail39/ros2_ws_dod/src/my_robot_controller' with build type 'ament_python'
[0.413s] Level 1:colcon.colcon_core.shell:create_environment_hook('my_robot_controller', 'ament_prefix_path')
[0.413s] INFO:colcon.colcon_core.shell:Creating environment hook '/home/tufail39/ros2_ws_dod/install/my_robot_controller/share/my_robot_controller/hook/ament_prefix_path.ps1'
[0.413s] INFO:colcon.colcon_core.shell:Creating environment descriptor '/home/tufail39/ros2_ws_dod/install/my_robot_controller/share/my_robot_controller/hook/ament_prefix_path.dsv'
[0.414s] INFO:colcon.colcon_core.shell:Creating environment hook '/home/tufail39/ros2_ws_dod/install/my_robot_controller/share/my_robot_controller/hook/ament_prefix_path.sh'
[0.414s] INFO:colcon.colcon_core.shell:Skip shell extension 'powershell' for command environment: Not usable outside of PowerShell
[0.414s] DEBUG:colcon.colcon_core.shell:Skip shell extension 'dsv' for command environment
[0.647s] INFO:colcon.colcon_core.task.python.build:Building Python package in '/home/tufail39/ros2_ws_dod/src/my_action_package'
[0.647s] INFO:colcon.colcon_core.shell:Skip shell extension 'powershell' for command environment: Not usable outside of PowerShell
[0.647s] DEBUG:colcon.colcon_core.shell:Skip shell extension 'dsv' for command environment
[0.874s] INFO:colcon.colcon_core.task.python.build:Building Python package in '/home/tufail39/ros2_ws_dod/src/my_robot_controller'
[0.874s] INFO:colcon.colcon_core.shell:Skip shell extension 'powershell' for command environment: Not usable outside of PowerShell
[0.874s] DEBUG:colcon.colcon_core.shell:Skip shell extension 'dsv' for command environment
[1.189s] DEBUG:colcon.colcon_core.event_handler.log_command:Invoking command in '/home/tufail39/ros2_ws_dod/build/my_action_package': PYTHONPATH=/home/tufail39/ros2_ws_dod/build/my_action_package/prefix_override:/usr/lib/python3/dist-packages/colcon_core/task/python/colcon_distutils_commands:/home/tufail39/ros2_ws_dod/install/my_action_package/lib/python3.10/site-packages:${PYTHONPATH} /usr/bin/python3 -W ignore:setup.py install is deprecated -W ignore:easy_install command is deprecated setup.py develop --editable --build-directory /home/tufail39/ros2_ws_dod/build/my_action_package/build --no-deps symlink_data
[1.191s] DEBUG:colcon.colcon_core.event_handler.log_command:Invoking command in '/home/tufail39/ros2_ws_dod/build/my_robot_controller': PYTHONPATH=/home/tufail39/ros2_ws_dod/build/my_robot_controller/prefix_override:/usr/lib/python3/dist-packages/colcon_core/task/python/colcon_distutils_commands:/home/tufail39/ros2_ws_dod/install/my_robot_controller/lib/python3.10/site-packages:${PYTHONPATH} /usr/bin/python3 -W ignore:setup.py install is deprecated -W ignore:easy_install command is deprecated setup.py develop --editable --build-directory /home/tufail39/ros2_ws_dod/build/my_robot_controller/build --no-deps symlink_data
[1.608s] Level 1:colcon.colcon_core.shell:create_environment_hook('my_action_package', 'pythonpath_develop')
[1.608s] INFO:colcon.colcon_core.shell:Creating environment hook '/home/tufail39/ros2_ws_dod/build/my_action_package/share/my_action_package/hook/pythonpath_develop.ps1'
[1.608s] DEBUG:colcon.colcon_core.event_handler.log_command:Invoked command in '/home/tufail39/ros2_ws_dod/build/my_action_package' returned '0': PYTHONPATH=/home/tufail39/ros2_ws_dod/build/my_action_package/prefix_override:/usr/lib/python3/dist-packages/colcon_core/task/python/colcon_distutils_commands:/home/tufail39/ros2_ws_dod/install/my_action_package/lib/python3.10/site-packages:${PYTHONPATH} /usr/bin/python3 -W ignore:setup.py install is deprecated -W ignore:easy_install command is deprecated setup.py develop --editable --build-directory /home/tufail39/ros2_ws_dod/build/my_action_package/build --no-deps symlink_data
[1.609s] INFO:colcon.colcon_core.shell:Creating environment descriptor '/home/tufail39/ros2_ws_dod/build/my_action_package/share/my_action_package/hook/pythonpath_develop.dsv'
[1.609s] INFO:colcon.colcon_core.shell:Creating environment hook '/home/tufail39/ros2_ws_dod/build/my_action_package/share/my_action_package/hook/pythonpath_develop.sh'
[1.614s] Level 1:colcon.colcon_core.environment:checking '/home/tufail39/ros2_ws_dod/install/my_action_package' for CMake module files
[1.614s] Level 1:colcon.colcon_core.environment:checking '/home/tufail39/ros2_ws_dod/install/my_action_package' for CMake config files
[1.615s] Level 1:colcon.colcon_core.environment:checking '/home/tufail39/ros2_ws_dod/install/my_action_package/lib'
[1.615s] Level 1:colcon.colcon_core.environment:checking '/home/tufail39/ros2_ws_dod/install/my_action_package/bin'
[1.615s] Level 1:colcon.colcon_core.environment:checking '/home/tufail39/ros2_ws_dod/install/my_action_package/lib/pkgconfig/my_action_package.pc'
[1.615s] Level 1:colcon.colcon_core.environment:checking '/home/tufail39/ros2_ws_dod/install/my_action_package/lib/python3.10/site-packages'
[1.615s] Level 1:colcon.colcon_core.shell:create_environment_hook('my_action_package', 'pythonpath')
[1.616s] INFO:colcon.colcon_core.shell:Creating environment hook '/home/tufail39/ros2_ws_dod/install/my_action_package/share/my_action_package/hook/pythonpath.ps1'
[1.616s] INFO:colcon.colcon_core.shell:Creating environment descriptor '/home/tufail39/ros2_ws_dod/install/my_action_package/share/my_action_package/hook/pythonpath.dsv'
[1.616s] INFO:colcon.colcon_core.shell:Creating environment hook '/home/tufail39/ros2_ws_dod/install/my_action_package/share/my_action_package/hook/pythonpath.sh'
[1.617s] Level 1:colcon.colcon_core.environment:checking '/home/tufail39/ros2_ws_dod/install/my_action_package/bin'
[1.617s] Level 1:colcon.colcon_core.environment:create_environment_scripts_only(my_action_package)
[1.617s] INFO:colcon.colcon_core.shell:Creating package script '/home/tufail39/ros2_ws_dod/install/my_action_package/share/my_action_package/package.ps1'
[1.618s] INFO:colcon.colcon_core.shell:Creating package descriptor '/home/tufail39/ros2_ws_dod/install/my_action_package/share/my_action_package/package.dsv'
[1.619s] INFO:colcon.colcon_core.shell:Creating package script '/home/tufail39/ros2_ws_dod/install/my_action_package/share/my_action_package/package.sh'
[1.620s] INFO:colcon.colcon_core.shell:Creating package script '/home/tufail39/ros2_ws_dod/install/my_action_package/share/my_action_package/package.bash'
[1.621s] INFO:colcon.colcon_core.shell:Creating package script '/home/tufail39/ros2_ws_dod/install/my_action_package/share/my_action_package/package.zsh'
[1.622s] Level 1:colcon.colcon_core.environment:create_file_with_runtime_dependencies(/home/tufail39/ros2_ws_dod/install/my_action_package/share/colcon-core/packages/my_action_package)
[1.623s] Level 1:colcon.colcon_core.shell:create_environment_hook('my_robot_controller', 'pythonpath_develop')
[1.623s] INFO:colcon.colcon_core.shell:Creating environment hook '/home/tufail39/ros2_ws_dod/build/my_robot_controller/share/my_robot_controller/hook/pythonpath_develop.ps1'
[1.623s] DEBUG:colcon.colcon_core.event_handler.log_command:Invoked command in '/home/tufail39/ros2_ws_dod/build/my_robot_controller' returned '0': PYTHONPATH=/home/tufail39/ros2_ws_dod/build/my_robot_controller/prefix_override:/usr/lib/python3/dist-packages/colcon_core/task/python/colcon_distutils_commands:/home/tufail39/ros2_ws_dod/install/my_robot_controller/lib/python3.10/site-packages:${PYTHONPATH} /usr/bin/python3 -W ignore:setup.py install is deprecated -W ignore:easy_install command is deprecated setup.py develop --editable --build-directory /home/tufail39/ros2_ws_dod/build/my_robot_controller/build --no-deps symlink_data
[1.624s] INFO:colcon.colcon_core.shell:Creating environment descriptor '/home/tufail39/ros2_ws_dod/build/my_robot_controller/share/my_robot_controller/hook/pythonpath_develop.dsv'
[1.624s] INFO:colcon.colcon_core.shell:Creating environment hook '/home/tufail39/ros2_ws_dod/build/my_robot_controller/share/my_robot_controller/hook/pythonpath_develop.sh'
[1.625s] Level 1:colcon.colcon_core.environment:checking '/home/tufail39/ros2_ws_dod/install/my_robot_controller' for CMake module files
[1.625s] Level 1:colcon.colcon_core.environment:checking '/home/tufail39/ros2_ws_dod/install/my_robot_controller' for CMake config files
[1.625s] Level 1:colcon.colcon_core.environment:checking '/home/tufail39/ros2_ws_dod/install/my_robot_controller/lib'
[1.626s] Level 1:colcon.colcon_core.environment:checking '/home/tufail39/ros2_ws_dod/install/my_robot_controller/bin'
[1.626s] Level 1:colcon.colcon_core.environment:checking '/home/tufail39/ros2_ws_dod/install/my_robot_controller/lib/pkgconfig/my_robot_controller.pc'
[1.626s] Level 1:colcon.colcon_core.environment:checking '/home/tufail39/ros2_ws_dod/install/my_robot_controller/lib/python3.10/site-packages'
[1.626s] Level 1:colcon.colcon_core.shell:create_environment_hook('my_robot_controller', 'pythonpath')
[1.626s] INFO:colcon.colcon_core.shell:Creating environment hook '/home/tufail39/ros2_ws_dod/install/my_robot_controller/share/my_robot_controller/hook/pythonpath.ps1'
[1.626s] INFO:colcon.colcon_core.shell:Creating environment descriptor '/home/tufail39/ros2_ws_dod/install/my_robot_controller/share/my_robot_controller/hook/pythonpath.dsv'
[1.627s] INFO:colcon.colcon_core.shell:Creating environment hook '/home/tufail39/ros2_ws_dod/install/my_robot_controller/share/my_robot_controller/hook/pythonpath.sh'
[1.627s] Level 1:colcon.colcon_core.environment:checking '/home/tufail39/ros2_ws_dod/install/my_robot_controller/bin'
[1.627s] Level 1:colcon.colcon_core.environment:create_environment_scripts_only(my_robot_controller)
[1.628s] INFO:colcon.colcon_core.shell:Creating package script '/home/tufail39/ros2_ws_dod/install/my_robot_controller/share/my_robot_controller/package.ps1'
[1.628s] INFO:colcon.colcon_core.shell:Creating package descriptor '/home/tufail39/ros2_ws_dod/install/my_robot_controller/share/my_robot_controller/package.dsv'
[1.629s] INFO:colcon.colcon_core.shell:Creating package script '/home/tufail39/ros2_ws_dod/install/my_robot_controller/share/my_robot_controller/package.sh'
[1.629s] INFO:colcon.colcon_core.shell:Creating package script '/home/tufail39/ros2_ws_dod/install/my_robot_controller/share/my_robot_controller/package.bash'
[1.630s] INFO:colcon.colcon_core.shell:Creating package script '/home/tufail39/ros2_ws_dod/install/my_robot_controller/share/my_robot_controller/package.zsh'
[1.630s] Level 1:colcon.colcon_core.environment:create_file_with_runtime_dependencies(/home/tufail39/ros2_ws_dod/install/my_robot_controller/share/colcon-core/packages/my_robot_controller)
[1.630s] DEBUG:colcon.colcon_parallel_executor.executor.parallel:closing loop
[1.631s] DEBUG:colcon.colcon_parallel_executor.executor.parallel:loop closed
[1.631s] DEBUG:colcon.colcon_parallel_executor.executor.parallel:run_until_complete finished with '0'
[1.631s] DEBUG:colcon.colcon_core.event_reactor:joining thread
[1.636s] INFO:colcon.colcon_core.plugin_system:Skipping extension 'colcon_notification.desktop_notification.terminal_notifier': Not used on non-Darwin systems
[1.637s] INFO:colcon.colcon_core.plugin_system:Skipping extension 'colcon_notification.desktop_notification.win32': Not used on non-Windows systems
[1.637s] INFO:colcon.colcon_notification.desktop_notification:Sending desktop notification using 'notify2'
[1.656s] DEBUG:colcon.colcon_core.event_reactor:joined thread
[1.656s] INFO:colcon.colcon_core.shell:Creating prefix script '/home/tufail39/ros2_ws_dod/install/local_setup.ps1'
[1.657s] INFO:colcon.colcon_core.shell:Creating prefix util module '/home/tufail39/ros2_ws_dod/install/_local_setup_util_ps1.py'
[1.659s] INFO:colcon.colcon_core.shell:Creating prefix chain script '/home/tufail39/ros2_ws_dod/install/setup.ps1'
[1.660s] INFO:colcon.colcon_core.shell:Creating prefix script '/home/tufail39/ros2_ws_dod/install/local_setup.sh'
[1.660s] INFO:colcon.colcon_core.shell:Creating prefix util module '/home/tufail39/ros2_ws_dod/install/_local_setup_util_sh.py'
[1.661s] INFO:colcon.colcon_core.shell:Creating prefix chain script '/home/tufail39/ros2_ws_dod/install/setup.sh'
[1.662s] INFO:colcon.colcon_core.shell:Creating prefix script '/home/tufail39/ros2_ws_dod/install/local_setup.bash'
[1.663s] INFO:colcon.colcon_core.shell:Creating prefix chain script '/home/tufail39/ros2_ws_dod/install/setup.bash'
[1.664s] INFO:colcon.colcon_core.shell:Creating prefix script '/home/tufail39/ros2_ws_dod/install/local_setup.zsh'
[1.664s] INFO:colcon.colcon_core.shell:Creating prefix chain script '/home/tufail39/ros2_ws_dod/install/setup.zsh'
