[0.236s] Invoking command in '/home/tufail39/ros2_ws_dod/build/my_robot_interfaces': CMAKE_PREFIX_PATH=/home/tufail39/ros2_ws_dod/install/my_action_package:/home/tufail39/ros2_ws_dod/install/my_robot_controller:/opt/ros/humble /usr/bin/cmake /home/tufail39/ros2_ws_dod/src/my_robot_interfaces -DAMENT_CMAKE_SYMLINK_INSTALL=1 -DCMAKE_INSTALL_PREFIX=/home/tufail39/ros2_ws_dod/install/my_robot_interfaces
[0.325s] -- The C compiler identification is GNU 11.4.0
[0.387s] -- The CXX compiler identification is GNU 11.4.0
[0.394s] -- Detecting C compiler ABI info
[0.444s] -- Detecting C compiler ABI info - done
[0.451s] -- Check for working C compiler: /usr/bin/cc - skipped
[0.451s] -- Detecting C compile features
[0.452s] -- Detecting C compile features - done
[0.454s] -- Detecting CXX compiler ABI info
[0.512s] -- Detecting CXX compiler ABI info - done
[0.520s] -- Check for working CXX compiler: /usr/bin/c++ - skipped
[0.520s] -- Detecting CXX compile features
[0.521s] -- Detecting CXX compile features - done
[0.525s] -- Found ament_cmake: 1.3.11 (/opt/ros/humble/share/ament_cmake/cmake)
[0.655s] -- Found Python3: /usr/bin/python3 (found version "3.10.12") found components: Interpreter 
[0.718s] -- Override CMake install command with custom implementation using symlinks instead of copying resources
[0.748s] -- Found rosidl_default_generators: 1.2.0 (/opt/ros/humble/share/rosidl_default_generators/cmake)
[0.751s] -- Using all available rosidl_typesupport_c: rosidl_typesupport_fastrtps_c;rosidl_typesupport_introspection_c
[0.757s] -- Found rosidl_adapter: 3.1.6 (/opt/ros/humble/share/rosidl_adapter/cmake)
[0.798s] -- Using all available rosidl_typesupport_cpp: rosidl_typesupport_fastrtps_cpp;rosidl_typesupport_introspection_cpp
[0.974s] [31mCMake Error at /opt/ros/humble/share/rosidl_adapter/cmake/rosidl_adapt_interfaces.cmake:59 (message):
[0.974s]   execute_process(/usr/bin/python3 -m rosidl_adapter --package-name
[0.975s]   my_robot_interfaces --arguments-file
[0.975s]   /home/tufail39/ros2_ws_dod/build/my_robot_interfaces/rosidl_adapter__arguments__my_robot_interfaces.json
[0.975s]   --output-dir
[0.975s]   /home/tufail39/ros2_ws_dod/build/my_robot_interfaces/rosidl_adapter/my_robot_interfaces
[0.975s]   --output-file
[0.975s]   /home/tufail39/ros2_ws_dod/build/my_robot_interfaces/rosidl_adapter/my_robot_interfaces.idls)
[0.975s]   returned error code 1:
[0.975s] 
[0.975s]   Traceback (most recent call last):
[0.975s] 
[0.975s]     File "/usr/lib/python3.10/runpy.py", line 196, in _run_module_as_main
[0.975s]       return _run_code(code, main_globals, None,
[0.975s]     File "/usr/lib/python3.10/runpy.py", line 86, in _run_code
[0.975s]       exec(code, run_globals)
[0.975s]     File "/opt/ros/humble/local/lib/python3.10/dist-packages/rosidl_adapter/__main__.py", line 19, in <module>
[0.976s]       sys.exit(main())
[0.976s]     File "/opt/ros/humble/local/lib/python3.10/dist-packages/rosidl_adapter/main.py", line 53, in main
[0.976s]       abs_idl_file = convert_to_idl(
[0.976s]     File "/opt/ros/humble/local/lib/python3.10/dist-packages/rosidl_adapter/__init__.py", line 29, in convert_to_idl
[0.976s]       return convert_action_to_idl(
[0.976s]     File "/opt/ros/humble/local/lib/python3.10/dist-packages/rosidl_adapter/action/__init__.py", line 28, in convert_action_to_idl
[0.976s]       action = parse_action_string(package_name, input_file.stem, content)
[0.976s]     File "/opt/ros/humble/local/lib/python3.10/dist-packages/rosidl_adapter/parser.py", line 894, in parse_action_string
[0.976s]       raise InvalidActionSpecification(
[0.976s] 
[0.976s]   rosidl_adapter.parser.InvalidActionSpecification: Number of '---'
[0.976s]   separators nonconformant with action definition
[0.976s] 
[0.976s] Call Stack (most recent call first):
[0.976s]   /opt/ros/humble/share/rosidl_cmake/cmake/rosidl_generate_interfaces.cmake:130 (rosidl_adapt_interfaces)
[0.976s]   CMakeLists.txt:12 (rosidl_generate_interfaces)
[0.976s] 
[0.977s] [0m
[0.977s] -- Configuring incomplete, errors occurred!
[0.977s] See also "/home/tufail39/ros2_ws_dod/build/my_robot_interfaces/CMakeFiles/CMakeOutput.log".
[0.981s] Invoked command in '/home/tufail39/ros2_ws_dod/build/my_robot_interfaces' returned '1': CMAKE_PREFIX_PATH=/home/tufail39/ros2_ws_dod/install/my_action_package:/home/tufail39/ros2_ws_dod/install/my_robot_controller:/opt/ros/humble /usr/bin/cmake /home/tufail39/ros2_ws_dod/src/my_robot_interfaces -DAMENT_CMAKE_SYMLINK_INSTALL=1 -DCMAKE_INSTALL_PREFIX=/home/tufail39/ros2_ws_dod/install/my_robot_interfaces
