[0.243s] Invoking command in '/home/tufail39/ros2_ws_dod/build/my_robot_interfaces': CMAKE_PREFIX_PATH=/home/tufail39/ros2_ws_dod/install/my_action_package:/home/tufail39/ros2_ws_dod/install/my_robot_controller:/opt/ros/humble /usr/bin/cmake /home/tufail39/ros2_ws_dod/src/my_robot_interfaces -DAMENT_CMAKE_SYMLINK_INSTALL=1 -DCMAKE_INSTALL_PREFIX=/home/tufail39/ros2_ws_dod/install/my_robot_interfaces
[0.252s] -- Found ament_cmake: 1.3.11 (/opt/ros/humble/share/ament_cmake/cmake)
[0.365s] -- Override CMake install command with custom implementation using symlinks instead of copying resources
[0.375s] -- Found rosidl_default_generators: 1.2.0 (/opt/ros/humble/share/rosidl_default_generators/cmake)
[0.378s] -- Using all available rosidl_typesupport_c: rosidl_typesupport_fastrtps_c;rosidl_typesupport_introspection_c
[0.382s] -- Found rosidl_adapter: 3.1.6 (/opt/ros/humble/share/rosidl_adapter/cmake)
[0.423s] -- Using all available rosidl_typesupport_cpp: rosidl_typesupport_fastrtps_cpp;rosidl_typesupport_introspection_cpp
[0.717s] -- Found ament_cmake_ros: 0.10.0 (/opt/ros/humble/share/ament_cmake_ros/cmake)
[0.877s] -- Using all available rosidl_typesupport_c: rosidl_typesupport_fastrtps_c;rosidl_typesupport_introspection_c
[1.092s] -- Using all available rosidl_typesupport_cpp: rosidl_typesupport_fastrtps_cpp;rosidl_typesupport_introspection_cpp
[1.111s] -- Found python_cmake_module: 0.10.0 (/opt/ros/humble/share/python_cmake_module/cmake)
[1.131s] -- Using PYTHON_EXECUTABLE: /usr/bin/python3
[1.131s] -- Using PYTHON_INCLUDE_DIRS: /usr/include/python3.10
[1.131s] -- Using PYTHON_LIBRARIES: /usr/lib/x86_64-linux-gnu/libpython3.10.so
[1.158s] -- Configuring done
[1.183s] -- Generating done
[1.193s] -- Build files have been written to: /home/tufail39/ros2_ws_dod/build/my_robot_interfaces
[1.198s] Invoked command in '/home/tufail39/ros2_ws_dod/build/my_robot_interfaces' returned '0': CMAKE_PREFIX_PATH=/home/tufail39/ros2_ws_dod/install/my_action_package:/home/tufail39/ros2_ws_dod/install/my_robot_controller:/opt/ros/humble /usr/bin/cmake /home/tufail39/ros2_ws_dod/src/my_robot_interfaces -DAMENT_CMAKE_SYMLINK_INSTALL=1 -DCMAKE_INSTALL_PREFIX=/home/tufail39/ros2_ws_dod/install/my_robot_interfaces
[1.199s] Invoking command in '/home/tufail39/ros2_ws_dod/build/my_robot_interfaces': CMAKE_PREFIX_PATH=/home/tufail39/ros2_ws_dod/install/my_action_package:/home/tufail39/ros2_ws_dod/install/my_robot_controller:/opt/ros/humble /usr/bin/cmake --build /home/tufail39/ros2_ws_dod/build/my_robot_interfaces -- -j16 -l16
[1.227s] [  3%] [34m[1mGenerating C code for ROS interfaces[0m
[1.234s] [  6%] [34m[1mGenerating C++ code for ROS interfaces[0m
[1.239s] [  6%] Built target ament_cmake_python_symlink_my_robot_interfaces
[1.457s] running egg_info
[1.457s] creating my_robot_interfaces.egg-info
[1.458s] writing my_robot_interfaces.egg-info/PKG-INFO
[1.458s] writing dependency_links to my_robot_interfaces.egg-info/dependency_links.txt
[1.458s] writing top-level names to my_robot_interfaces.egg-info/top_level.txt
[1.458s] writing manifest file 'my_robot_interfaces.egg-info/SOURCES.txt'
[1.459s] reading manifest file 'my_robot_interfaces.egg-info/SOURCES.txt'
[1.460s] writing manifest file 'my_robot_interfaces.egg-info/SOURCES.txt'
[1.478s] [  6%] Built target ament_cmake_python_build_my_robot_interfaces_egg
[1.655s] [  9%] [32mBuilding C object CMakeFiles/my_robot_interfaces__rosidl_generator_c.dir/rosidl_generator_c/my_robot_interfaces/action/detail/count_until__functions.c.o[0m
[1.664s] [  9%] Built target my_robot_interfaces__cpp
[1.670s] [ 19%] [34m[1mGenerating C++ introspection for ROS interfaces[0m
[1.670s] [ 19%] [34m[1mGenerating C++ type support dispatch for ROS interfaces[0m
[1.670s] [ 19%] [34m[1mGenerating C++ type support for eProsima Fast-RTPS[0m
[1.772s] [ 22%] [32m[1mLinking C shared library libmy_robot_interfaces__rosidl_generator_c.so[0m
[1.797s] [ 22%] Built target my_robot_interfaces__rosidl_generator_c
[1.804s] [ 25%] [34m[1mGenerating C introspection for ROS interfaces[0m
[1.804s] [ 32%] [34m[1mGenerating C type support dispatch for ROS interfaces[0m
[1.804s] [ 32%] [34m[1mGenerating C type support for eProsima Fast-RTPS[0m
[1.955s] [ 35%] [32mBuilding CXX object CMakeFiles/my_robot_interfaces__rosidl_typesupport_cpp.dir/rosidl_typesupport_cpp/my_robot_interfaces/action/count_until__type_support.cpp.o[0m
[2.002s] [ 38%] [32mBuilding CXX object CMakeFiles/my_robot_interfaces__rosidl_typesupport_introspection_cpp.dir/rosidl_typesupport_introspection_cpp/my_robot_interfaces/action/detail/count_until__type_support.cpp.o[0m
[2.053s] [ 41%] [32mBuilding CXX object CMakeFiles/my_robot_interfaces__rosidl_typesupport_fastrtps_cpp.dir/rosidl_typesupport_fastrtps_cpp/my_robot_interfaces/action/detail/dds_fastrtps/count_until__type_support.cpp.o[0m
[2.081s] [ 45%] [32mBuilding CXX object CMakeFiles/my_robot_interfaces__rosidl_typesupport_c.dir/rosidl_typesupport_c/my_robot_interfaces/action/count_until__type_support.cpp.o[0m
[2.121s] [ 48%] [32m[1mLinking CXX shared library libmy_robot_interfaces__rosidl_typesupport_c.so[0m
[2.151s] [ 48%] Built target my_robot_interfaces__rosidl_typesupport_c
[2.161s] [ 51%] [32mBuilding C object CMakeFiles/my_robot_interfaces__rosidl_typesupport_introspection_c.dir/rosidl_typesupport_introspection_c/my_robot_interfaces/action/detail/count_until__type_support.c.o[0m
[2.179s] [ 54%] [32mBuilding CXX object CMakeFiles/my_robot_interfaces__rosidl_typesupport_fastrtps_c.dir/rosidl_typesupport_fastrtps_c/my_robot_interfaces/action/detail/count_until__type_support_c.cpp.o[0m
[2.198s] [ 58%] [32m[1mLinking C shared library libmy_robot_interfaces__rosidl_typesupport_introspection_c.so[0m
[2.220s] [ 58%] Built target my_robot_interfaces__rosidl_typesupport_introspection_c
[2.376s] [ 61%] [32m[1mLinking CXX shared library libmy_robot_interfaces__rosidl_typesupport_cpp.so[0m
[2.408s] [ 61%] Built target my_robot_interfaces__rosidl_typesupport_cpp
[2.508s] [ 64%] [32m[1mLinking CXX shared library libmy_robot_interfaces__rosidl_typesupport_fastrtps_c.so[0m
[2.518s] [ 67%] [32m[1mLinking CXX shared library libmy_robot_interfaces__rosidl_typesupport_introspection_cpp.so[0m
[2.551s] [ 70%] [32m[1mLinking CXX shared library libmy_robot_interfaces__rosidl_typesupport_fastrtps_cpp.so[0m
[2.567s] [ 70%] Built target my_robot_interfaces__rosidl_typesupport_fastrtps_c
[2.576s] [ 70%] Built target my_robot_interfaces__rosidl_typesupport_introspection_cpp
[2.606s] [ 70%] Built target my_robot_interfaces__rosidl_typesupport_fastrtps_cpp
[2.620s] [ 70%] Built target my_robot_interfaces
[2.633s] [ 74%] [34m[1mGenerating Python code for ROS interfaces[0m
[3.351s] [ 74%] Built target my_robot_interfaces__py
[3.363s] [ 77%] [32mBuilding C object CMakeFiles/my_robot_interfaces__rosidl_generator_py.dir/rosidl_generator_py/my_robot_interfaces/action/_count_until_s.c.o[0m
[3.508s] [ 80%] [32m[1mLinking C shared library rosidl_generator_py/my_robot_interfaces/libmy_robot_interfaces__rosidl_generator_py.so[0m
[3.538s] [ 80%] Built target my_robot_interfaces__rosidl_generator_py
[3.550s] [ 83%] [32mBuilding C object CMakeFiles/my_robot_interfaces__rosidl_typesupport_c__pyext.dir/rosidl_generator_py/my_robot_interfaces/_my_robot_interfaces_s.ep.rosidl_typesupport_c.c.o[0m
[3.550s] [ 90%] [32mBuilding C object CMakeFiles/my_robot_interfaces__rosidl_typesupport_fastrtps_c__pyext.dir/rosidl_generator_py/my_robot_interfaces/_my_robot_interfaces_s.ep.rosidl_typesupport_fastrtps_c.c.o[0m
[3.550s] [ 90%] [32mBuilding C object CMakeFiles/my_robot_interfaces__rosidl_typesupport_introspection_c__pyext.dir/rosidl_generator_py/my_robot_interfaces/_my_robot_interfaces_s.ep.rosidl_typesupport_introspection_c.c.o[0m
[3.647s] [ 93%] [32m[1mLinking C shared library rosidl_generator_py/my_robot_interfaces/my_robot_interfaces_s__rosidl_typesupport_c.cpython-310-x86_64-linux-gnu.so[0m
[3.648s] [ 96%] [32m[1mLinking C shared library rosidl_generator_py/my_robot_interfaces/my_robot_interfaces_s__rosidl_typesupport_introspection_c.cpython-310-x86_64-linux-gnu.so[0m
[3.648s] [100%] [32m[1mLinking C shared library rosidl_generator_py/my_robot_interfaces/my_robot_interfaces_s__rosidl_typesupport_fastrtps_c.cpython-310-x86_64-linux-gnu.so[0m
[3.675s] [100%] Built target my_robot_interfaces__rosidl_typesupport_c__pyext
[3.676s] [100%] Built target my_robot_interfaces__rosidl_typesupport_introspection_c__pyext
[3.676s] [100%] Built target my_robot_interfaces__rosidl_typesupport_fastrtps_c__pyext
[3.683s] Invoked command in '/home/tufail39/ros2_ws_dod/build/my_robot_interfaces' returned '0': CMAKE_PREFIX_PATH=/home/tufail39/ros2_ws_dod/install/my_action_package:/home/tufail39/ros2_ws_dod/install/my_robot_controller:/opt/ros/humble /usr/bin/cmake --build /home/tufail39/ros2_ws_dod/build/my_robot_interfaces -- -j16 -l16
[3.689s] Invoking command in '/home/tufail39/ros2_ws_dod/build/my_robot_interfaces': CMAKE_PREFIX_PATH=/home/tufail39/ros2_ws_dod/install/my_action_package:/home/tufail39/ros2_ws_dod/install/my_robot_controller:/opt/ros/humble /usr/bin/cmake --install /home/tufail39/ros2_ws_dod/build/my_robot_interfaces
[3.694s] -- Install configuration: ""
[3.694s] -- Execute custom install script
[3.694s] -- Symlinking: /home/tufail39/ros2_ws_dod/install/my_robot_interfaces/share/ament_index/resource_index/rosidl_interfaces/my_robot_interfaces
[3.701s] -- Symlinking: /home/tufail39/ros2_ws_dod/install/my_robot_interfaces/include/my_robot_interfaces/my_robot_interfaces/action/count_until.h
[3.706s] -- Symlinking: /home/tufail39/ros2_ws_dod/install/my_robot_interfaces/include/my_robot_interfaces/my_robot_interfaces/action/detail/count_until__functions.h
[3.711s] -- Symlinking: /home/tufail39/ros2_ws_dod/install/my_robot_interfaces/include/my_robot_interfaces/my_robot_interfaces/action/detail/count_until__struct.h
[3.717s] -- Symlinking: /home/tufail39/ros2_ws_dod/install/my_robot_interfaces/include/my_robot_interfaces/my_robot_interfaces/action/detail/count_until__type_support.h
[3.723s] -- Symlinking: /home/tufail39/ros2_ws_dod/install/my_robot_interfaces/include/my_robot_interfaces/my_robot_interfaces/msg/rosidl_generator_c__visibility_control.h
[3.728s] -- Symlinking: /home/tufail39/ros2_ws_dod/install/my_robot_interfaces/share/my_robot_interfaces/environment/library_path.sh
[3.733s] -- Symlinking: /home/tufail39/ros2_ws_dod/install/my_robot_interfaces/share/my_robot_interfaces/environment/library_path.dsv
[3.738s] -- Symlinking: /home/tufail39/ros2_ws_dod/install/my_robot_interfaces/include/my_robot_interfaces/my_robot_interfaces/action/detail/count_until__rosidl_typesupport_fastrtps_c.h
[3.743s] -- Symlinking: /home/tufail39/ros2_ws_dod/install/my_robot_interfaces/include/my_robot_interfaces/my_robot_interfaces/msg/rosidl_typesupport_fastrtps_c__visibility_control.h
[3.748s] -- Symlinking: /home/tufail39/ros2_ws_dod/install/my_robot_interfaces/include/my_robot_interfaces/my_robot_interfaces/action/detail/count_until__rosidl_typesupport_introspection_c.h
[3.753s] -- Symlinking: /home/tufail39/ros2_ws_dod/install/my_robot_interfaces/include/my_robot_interfaces/my_robot_interfaces/msg/rosidl_typesupport_introspection_c__visibility_control.h
[3.758s] -- Symlinking: /home/tufail39/ros2_ws_dod/install/my_robot_interfaces/include/my_robot_interfaces/my_robot_interfaces/action/count_until.hpp
[3.763s] -- Symlinking: /home/tufail39/ros2_ws_dod/install/my_robot_interfaces/include/my_robot_interfaces/my_robot_interfaces/action/detail/count_until__builder.hpp
[3.767s] -- Symlinking: /home/tufail39/ros2_ws_dod/install/my_robot_interfaces/include/my_robot_interfaces/my_robot_interfaces/action/detail/count_until__struct.hpp
[3.772s] -- Symlinking: /home/tufail39/ros2_ws_dod/install/my_robot_interfaces/include/my_robot_interfaces/my_robot_interfaces/action/detail/count_until__traits.hpp
[3.777s] -- Symlinking: /home/tufail39/ros2_ws_dod/install/my_robot_interfaces/include/my_robot_interfaces/my_robot_interfaces/action/detail/count_until__type_support.hpp
[3.782s] -- Symlinking: /home/tufail39/ros2_ws_dod/install/my_robot_interfaces/include/my_robot_interfaces/my_robot_interfaces/msg/rosidl_generator_cpp__visibility_control.hpp
[3.787s] -- Symlinking: /home/tufail39/ros2_ws_dod/install/my_robot_interfaces/include/my_robot_interfaces/my_robot_interfaces/action/detail/count_until__rosidl_typesupport_fastrtps_cpp.hpp
[3.792s] -- Symlinking: /home/tufail39/ros2_ws_dod/install/my_robot_interfaces/include/my_robot_interfaces/my_robot_interfaces/msg/rosidl_typesupport_fastrtps_cpp__visibility_control.h
[3.797s] -- Symlinking: /home/tufail39/ros2_ws_dod/install/my_robot_interfaces/include/my_robot_interfaces/my_robot_interfaces/action/detail/count_until__rosidl_typesupport_introspection_cpp.hpp
[3.801s] -- Symlinking: /home/tufail39/ros2_ws_dod/install/my_robot_interfaces/share/my_robot_interfaces/environment/pythonpath.sh
[3.807s] -- Symlinking: /home/tufail39/ros2_ws_dod/install/my_robot_interfaces/share/my_robot_interfaces/environment/pythonpath.dsv
[3.813s] -- Symlinking: /home/tufail39/ros2_ws_dod/install/my_robot_interfaces/local/lib/python3.10/dist-packages/my_robot_interfaces-0.0.0-py3.10.egg-info/PKG-INFO
[3.818s] -- Symlinking: /home/tufail39/ros2_ws_dod/install/my_robot_interfaces/local/lib/python3.10/dist-packages/my_robot_interfaces-0.0.0-py3.10.egg-info/SOURCES.txt
[3.824s] -- Symlinking: /home/tufail39/ros2_ws_dod/install/my_robot_interfaces/local/lib/python3.10/dist-packages/my_robot_interfaces-0.0.0-py3.10.egg-info/dependency_links.txt
[3.829s] -- Symlinking: /home/tufail39/ros2_ws_dod/install/my_robot_interfaces/local/lib/python3.10/dist-packages/my_robot_interfaces-0.0.0-py3.10.egg-info/top_level.txt
[3.834s] -- Symlinking: /home/tufail39/ros2_ws_dod/install/my_robot_interfaces/local/lib/python3.10/dist-packages/my_robot_interfaces/__init__.py
[3.839s] -- Symlinking: /home/tufail39/ros2_ws_dod/install/my_robot_interfaces/local/lib/python3.10/dist-packages/my_robot_interfaces/_my_robot_interfaces_s.ep.rosidl_typesupport_c.c
[3.844s] -- Symlinking: /home/tufail39/ros2_ws_dod/install/my_robot_interfaces/local/lib/python3.10/dist-packages/my_robot_interfaces/_my_robot_interfaces_s.ep.rosidl_typesupport_fastrtps_c.c
[3.849s] -- Symlinking: /home/tufail39/ros2_ws_dod/install/my_robot_interfaces/local/lib/python3.10/dist-packages/my_robot_interfaces/_my_robot_interfaces_s.ep.rosidl_typesupport_introspection_c.c
[3.854s] -- Symlinking: /home/tufail39/ros2_ws_dod/install/my_robot_interfaces/local/lib/python3.10/dist-packages/my_robot_interfaces/action/__init__.py
[3.859s] -- Symlinking: /home/tufail39/ros2_ws_dod/install/my_robot_interfaces/local/lib/python3.10/dist-packages/my_robot_interfaces/action/_count_until.py
[3.864s] -- Symlinking: /home/tufail39/ros2_ws_dod/install/my_robot_interfaces/local/lib/python3.10/dist-packages/my_robot_interfaces/action/_count_until_s.c
[3.868s] -- Symlinking: /home/tufail39/ros2_ws_dod/install/my_robot_interfaces/local/lib/python3.10/dist-packages/my_robot_interfaces/libmy_robot_interfaces__rosidl_generator_py.so
[3.873s] -- Symlinking: /home/tufail39/ros2_ws_dod/install/my_robot_interfaces/local/lib/python3.10/dist-packages/my_robot_interfaces/my_robot_interfaces_s__rosidl_typesupport_c.cpython-310-x86_64-linux-gnu.so
[3.878s] -- Symlinking: /home/tufail39/ros2_ws_dod/install/my_robot_interfaces/local/lib/python3.10/dist-packages/my_robot_interfaces/my_robot_interfaces_s__rosidl_typesupport_fastrtps_c.cpython-310-x86_64-linux-gnu.so
[3.883s] -- Symlinking: /home/tufail39/ros2_ws_dod/install/my_robot_interfaces/local/lib/python3.10/dist-packages/my_robot_interfaces/my_robot_interfaces_s__rosidl_typesupport_introspection_c.cpython-310-x86_64-linux-gnu.so
[3.888s] -- Up-to-date symlink: /home/tufail39/ros2_ws_dod/install/my_robot_interfaces/local/lib/python3.10/dist-packages/my_robot_interfaces/my_robot_interfaces_s__rosidl_typesupport_fastrtps_c.cpython-310-x86_64-linux-gnu.so
[3.888s] -- Up-to-date symlink: /home/tufail39/ros2_ws_dod/install/my_robot_interfaces/local/lib/python3.10/dist-packages/my_robot_interfaces/my_robot_interfaces_s__rosidl_typesupport_introspection_c.cpython-310-x86_64-linux-gnu.so
[3.888s] -- Up-to-date symlink: /home/tufail39/ros2_ws_dod/install/my_robot_interfaces/local/lib/python3.10/dist-packages/my_robot_interfaces/my_robot_interfaces_s__rosidl_typesupport_c.cpython-310-x86_64-linux-gnu.so
[3.889s] -- Symlinking: /home/tufail39/ros2_ws_dod/install/my_robot_interfaces/share/my_robot_interfaces/action/CountUntil.idl
[3.893s] -- Symlinking: /home/tufail39/ros2_ws_dod/install/my_robot_interfaces/share/my_robot_interfaces/action/CountUntil.action
[3.900s] -- Symlinking: /home/tufail39/ros2_ws_dod/install/my_robot_interfaces/share/ament_index/resource_index/package_run_dependencies/my_robot_interfaces
[3.905s] -- Symlinking: /home/tufail39/ros2_ws_dod/install/my_robot_interfaces/share/ament_index/resource_index/parent_prefix_path/my_robot_interfaces
[3.910s] -- Symlinking: /home/tufail39/ros2_ws_dod/install/my_robot_interfaces/share/my_robot_interfaces/environment/ament_prefix_path.sh
[3.916s] -- Symlinking: /home/tufail39/ros2_ws_dod/install/my_robot_interfaces/share/my_robot_interfaces/environment/ament_prefix_path.dsv
[3.922s] -- Symlinking: /home/tufail39/ros2_ws_dod/install/my_robot_interfaces/share/my_robot_interfaces/environment/path.sh
[3.927s] -- Symlinking: /home/tufail39/ros2_ws_dod/install/my_robot_interfaces/share/my_robot_interfaces/environment/path.dsv
[3.933s] -- Symlinking: /home/tufail39/ros2_ws_dod/install/my_robot_interfaces/share/my_robot_interfaces/local_setup.bash
[3.937s] -- Symlinking: /home/tufail39/ros2_ws_dod/install/my_robot_interfaces/share/my_robot_interfaces/local_setup.sh
[3.942s] -- Symlinking: /home/tufail39/ros2_ws_dod/install/my_robot_interfaces/share/my_robot_interfaces/local_setup.zsh
[3.947s] -- Symlinking: /home/tufail39/ros2_ws_dod/install/my_robot_interfaces/share/my_robot_interfaces/local_setup.dsv
[3.952s] -- Symlinking: /home/tufail39/ros2_ws_dod/install/my_robot_interfaces/share/my_robot_interfaces/package.dsv
[3.957s] -- Symlinking: /home/tufail39/ros2_ws_dod/install/my_robot_interfaces/share/ament_index/resource_index/packages/my_robot_interfaces
[3.962s] -- Symlinking: /home/tufail39/ros2_ws_dod/install/my_robot_interfaces/share/my_robot_interfaces/cmake/rosidl_cmake-extras.cmake
[3.967s] -- Symlinking: /home/tufail39/ros2_ws_dod/install/my_robot_interfaces/share/my_robot_interfaces/cmake/ament_cmake_export_dependencies-extras.cmake
[3.972s] -- Symlinking: /home/tufail39/ros2_ws_dod/install/my_robot_interfaces/share/my_robot_interfaces/cmake/ament_cmake_export_include_directories-extras.cmake
[3.977s] -- Symlinking: /home/tufail39/ros2_ws_dod/install/my_robot_interfaces/share/my_robot_interfaces/cmake/ament_cmake_export_libraries-extras.cmake
[3.982s] -- Symlinking: /home/tufail39/ros2_ws_dod/install/my_robot_interfaces/share/my_robot_interfaces/cmake/ament_cmake_export_targets-extras.cmake
[3.987s] -- Symlinking: /home/tufail39/ros2_ws_dod/install/my_robot_interfaces/share/my_robot_interfaces/cmake/rosidl_cmake_export_typesupport_targets-extras.cmake
[3.991s] -- Symlinking: /home/tufail39/ros2_ws_dod/install/my_robot_interfaces/share/my_robot_interfaces/cmake/rosidl_cmake_export_typesupport_libraries-extras.cmake
[3.996s] -- Symlinking: /home/tufail39/ros2_ws_dod/install/my_robot_interfaces/share/my_robot_interfaces/cmake/my_robot_interfacesConfig.cmake
[4.001s] -- Symlinking: /home/tufail39/ros2_ws_dod/install/my_robot_interfaces/share/my_robot_interfaces/cmake/my_robot_interfacesConfig-version.cmake
[4.006s] -- Symlinking: /home/tufail39/ros2_ws_dod/install/my_robot_interfaces/share/my_robot_interfaces/package.xml
[4.012s] -- Installing: /home/tufail39/ros2_ws_dod/install/my_robot_interfaces/lib/libmy_robot_interfaces__rosidl_generator_c.so
[4.013s] -- Set runtime path of "/home/tufail39/ros2_ws_dod/install/my_robot_interfaces/lib/libmy_robot_interfaces__rosidl_generator_c.so" to ""
[4.013s] -- Installing: /home/tufail39/ros2_ws_dod/install/my_robot_interfaces/lib/libmy_robot_interfaces__rosidl_typesupport_fastrtps_c.so
[4.013s] -- Set runtime path of "/home/tufail39/ros2_ws_dod/install/my_robot_interfaces/lib/libmy_robot_interfaces__rosidl_typesupport_fastrtps_c.so" to ""
[4.013s] -- Installing: /home/tufail39/ros2_ws_dod/install/my_robot_interfaces/lib/libmy_robot_interfaces__rosidl_typesupport_introspection_c.so
[4.013s] -- Set runtime path of "/home/tufail39/ros2_ws_dod/install/my_robot_interfaces/lib/libmy_robot_interfaces__rosidl_typesupport_introspection_c.so" to ""
[4.014s] -- Installing: /home/tufail39/ros2_ws_dod/install/my_robot_interfaces/lib/libmy_robot_interfaces__rosidl_typesupport_c.so
[4.014s] -- Set runtime path of "/home/tufail39/ros2_ws_dod/install/my_robot_interfaces/lib/libmy_robot_interfaces__rosidl_typesupport_c.so" to ""
[4.014s] -- Installing: /home/tufail39/ros2_ws_dod/install/my_robot_interfaces/lib/libmy_robot_interfaces__rosidl_typesupport_fastrtps_cpp.so
[4.014s] -- Set runtime path of "/home/tufail39/ros2_ws_dod/install/my_robot_interfaces/lib/libmy_robot_interfaces__rosidl_typesupport_fastrtps_cpp.so" to ""
[4.014s] -- Installing: /home/tufail39/ros2_ws_dod/install/my_robot_interfaces/lib/libmy_robot_interfaces__rosidl_typesupport_introspection_cpp.so
[4.014s] -- Set runtime path of "/home/tufail39/ros2_ws_dod/install/my_robot_interfaces/lib/libmy_robot_interfaces__rosidl_typesupport_introspection_cpp.so" to ""
[4.014s] -- Installing: /home/tufail39/ros2_ws_dod/install/my_robot_interfaces/lib/libmy_robot_interfaces__rosidl_typesupport_cpp.so
[4.015s] -- Set runtime path of "/home/tufail39/ros2_ws_dod/install/my_robot_interfaces/lib/libmy_robot_interfaces__rosidl_typesupport_cpp.so" to ""
[4.050s] Listing '/home/tufail39/ros2_ws_dod/install/my_robot_interfaces/local/lib/python3.10/dist-packages/my_robot_interfaces'...
[4.051s] Compiling '/home/tufail39/ros2_ws_dod/install/my_robot_interfaces/local/lib/python3.10/dist-packages/my_robot_interfaces/__init__.py'...
[4.051s] Listing '/home/tufail39/ros2_ws_dod/install/my_robot_interfaces/local/lib/python3.10/dist-packages/my_robot_interfaces/action'...
[4.051s] Compiling '/home/tufail39/ros2_ws_dod/install/my_robot_interfaces/local/lib/python3.10/dist-packages/my_robot_interfaces/action/__init__.py'...
[4.051s] Compiling '/home/tufail39/ros2_ws_dod/install/my_robot_interfaces/local/lib/python3.10/dist-packages/my_robot_interfaces/action/_count_until.py'...
[4.054s] -- Installing: /home/tufail39/ros2_ws_dod/install/my_robot_interfaces/lib/libmy_robot_interfaces__rosidl_generator_py.so
[4.055s] -- Set runtime path of "/home/tufail39/ros2_ws_dod/install/my_robot_interfaces/lib/libmy_robot_interfaces__rosidl_generator_py.so" to ""
[4.055s] -- Installing: /home/tufail39/ros2_ws_dod/install/my_robot_interfaces/share/my_robot_interfaces/cmake/export_my_robot_interfaces__rosidl_generator_cExport.cmake
[4.055s] -- Installing: /home/tufail39/ros2_ws_dod/install/my_robot_interfaces/share/my_robot_interfaces/cmake/export_my_robot_interfaces__rosidl_generator_cExport-noconfig.cmake
[4.055s] -- Installing: /home/tufail39/ros2_ws_dod/install/my_robot_interfaces/share/my_robot_interfaces/cmake/export_my_robot_interfaces__rosidl_typesupport_fastrtps_cExport.cmake
[4.055s] -- Installing: /home/tufail39/ros2_ws_dod/install/my_robot_interfaces/share/my_robot_interfaces/cmake/export_my_robot_interfaces__rosidl_typesupport_fastrtps_cExport-noconfig.cmake
[4.055s] -- Installing: /home/tufail39/ros2_ws_dod/install/my_robot_interfaces/share/my_robot_interfaces/cmake/my_robot_interfaces__rosidl_typesupport_introspection_cExport.cmake
[4.055s] -- Installing: /home/tufail39/ros2_ws_dod/install/my_robot_interfaces/share/my_robot_interfaces/cmake/my_robot_interfaces__rosidl_typesupport_introspection_cExport-noconfig.cmake
[4.056s] -- Installing: /home/tufail39/ros2_ws_dod/install/my_robot_interfaces/share/my_robot_interfaces/cmake/my_robot_interfaces__rosidl_typesupport_cExport.cmake
[4.056s] -- Installing: /home/tufail39/ros2_ws_dod/install/my_robot_interfaces/share/my_robot_interfaces/cmake/my_robot_interfaces__rosidl_typesupport_cExport-noconfig.cmake
[4.056s] -- Installing: /home/tufail39/ros2_ws_dod/install/my_robot_interfaces/share/my_robot_interfaces/cmake/export_my_robot_interfaces__rosidl_generator_cppExport.cmake
[4.056s] -- Installing: /home/tufail39/ros2_ws_dod/install/my_robot_interfaces/share/my_robot_interfaces/cmake/export_my_robot_interfaces__rosidl_typesupport_fastrtps_cppExport.cmake
[4.056s] -- Installing: /home/tufail39/ros2_ws_dod/install/my_robot_interfaces/share/my_robot_interfaces/cmake/export_my_robot_interfaces__rosidl_typesupport_fastrtps_cppExport-noconfig.cmake
[4.056s] -- Installing: /home/tufail39/ros2_ws_dod/install/my_robot_interfaces/share/my_robot_interfaces/cmake/my_robot_interfaces__rosidl_typesupport_introspection_cppExport.cmake
[4.056s] -- Installing: /home/tufail39/ros2_ws_dod/install/my_robot_interfaces/share/my_robot_interfaces/cmake/my_robot_interfaces__rosidl_typesupport_introspection_cppExport-noconfig.cmake
[4.056s] -- Installing: /home/tufail39/ros2_ws_dod/install/my_robot_interfaces/share/my_robot_interfaces/cmake/my_robot_interfaces__rosidl_typesupport_cppExport.cmake
[4.056s] -- Installing: /home/tufail39/ros2_ws_dod/install/my_robot_interfaces/share/my_robot_interfaces/cmake/my_robot_interfaces__rosidl_typesupport_cppExport-noconfig.cmake
[4.056s] -- Installing: /home/tufail39/ros2_ws_dod/install/my_robot_interfaces/share/my_robot_interfaces/cmake/export_my_robot_interfaces__rosidl_generator_pyExport.cmake
[4.056s] -- Installing: /home/tufail39/ros2_ws_dod/install/my_robot_interfaces/share/my_robot_interfaces/cmake/export_my_robot_interfaces__rosidl_generator_pyExport-noconfig.cmake
[4.058s] Invoked command in '/home/tufail39/ros2_ws_dod/build/my_robot_interfaces' returned '0': CMAKE_PREFIX_PATH=/home/tufail39/ros2_ws_dod/install/my_action_package:/home/tufail39/ros2_ws_dod/install/my_robot_controller:/opt/ros/humble /usr/bin/cmake --install /home/tufail39/ros2_ws_dod/build/my_robot_interfaces
