[0.099s] DEBUG:colcon:Command line arguments: ['/usr/bin/colcon', 'build', '--symlink-install']
[0.099s] DEBUG:colcon:Parsed command line arguments: Namespace(log_base=None, log_level=None, verb_name='build', build_base='build', install_base='install', merge_install=False, symlink_install=True, test_result_base=None, continue_on_error=False, executor='parallel', parallel_workers=16, event_handlers=None, ignore_user_meta=False, metas=['./colcon.meta'], base_paths=['.'], packages_ignore=None, packages_ignore_regex=None, paths=None, packages_up_to=None, packages_up_to_regex=None, packages_above=None, packages_above_and_dependencies=None, packages_above_depth=None, packages_select_by_dep=None, packages_skip_by_dep=None, packages_skip_up_to=None, packages_select_build_failed=False, packages_skip_build_finished=False, packages_select_test_failures=False, packages_skip_test_passed=False, packages_select=None, packages_skip=None, packages_select_regex=None, packages_skip_regex=None, packages_start=None, packages_end=None, allow_overriding=[], cmake_args=None, cmake_target=None, cmake_target_skip_unavailable=False, cmake_clean_cache=False, cmake_clean_first=False, cmake_force_configure=False, ament_cmake_args=None, catkin_cmake_args=None, catkin_skip_building_tests=False, verb_parser=<colcon_defaults.argument_parser.defaults.DefaultArgumentsDecorator object at 0x7fd5bc37c8e0>, verb_extension=<colcon_core.verb.build.BuildVerb object at 0x7fd5bc37c460>, main=<bound method BuildVerb.main of <colcon_core.verb.build.BuildVerb object at 0x7fd5bc37c460>>)
[0.255s] Level 1:colcon.colcon_core.package_discovery:discover_packages(colcon_meta) check parameters
[0.255s] Level 1:colcon.colcon_core.package_discovery:discover_packages(recursive) check parameters
[0.255s] Level 1:colcon.colcon_core.package_discovery:discover_packages(ignore) check parameters
[0.255s] Level 1:colcon.colcon_core.package_discovery:discover_packages(path) check parameters
[0.255s] Level 1:colcon.colcon_core.package_discovery:discover_packages(colcon_meta) discover
[0.255s] Level 1:colcon.colcon_core.package_discovery:discover_packages(recursive) discover
[0.256s] INFO:colcon.colcon_core.package_discovery:Crawling recursively for packages in '/home/tufail39/ros2_ws_dod'
[0.256s] Level 1:colcon.colcon_core.package_identification:_identify(.) by extensions ['ignore', 'ignore_ament_install']
[0.256s] Level 1:colcon.colcon_core.package_identification:_identify(.) by extension 'ignore'
[0.256s] Level 1:colcon.colcon_core.package_identification:_identify(.) by extension 'ignore_ament_install'
[0.256s] Level 1:colcon.colcon_core.package_identification:_identify(.) by extensions ['colcon_pkg']
[0.256s] Level 1:colcon.colcon_core.package_identification:_identify(.) by extension 'colcon_pkg'
[0.256s] Level 1:colcon.colcon_core.package_identification:_identify(.) by extensions ['colcon_meta']
[0.256s] Level 1:colcon.colcon_core.package_identification:_identify(.) by extension 'colcon_meta'
[0.256s] Level 1:colcon.colcon_core.package_identification:_identify(.) by extensions ['ros']
[0.256s] Level 1:colcon.colcon_core.package_identification:_identify(.) by extension 'ros'
[0.266s] Level 1:colcon.colcon_core.package_identification:_identify(.) by extensions ['cmake', 'python']
[0.266s] Level 1:colcon.colcon_core.package_identification:_identify(.) by extension 'cmake'
[0.266s] Level 1:colcon.colcon_core.package_identification:_identify(.) by extension 'python'
[0.266s] Level 1:colcon.colcon_core.package_identification:_identify(.) by extensions ['python_setup_py']
[0.266s] Level 1:colcon.colcon_core.package_identification:_identify(.) by extension 'python_setup_py'
[0.266s] Level 1:colcon.colcon_core.package_identification:_identify(build) by extensions ['ignore', 'ignore_ament_install']
[0.266s] Level 1:colcon.colcon_core.package_identification:_identify(build) by extension 'ignore'
[0.266s] Level 1:colcon.colcon_core.package_identification:_identify(build) ignored
[0.266s] Level 1:colcon.colcon_core.package_identification:_identify(install) by extensions ['ignore', 'ignore_ament_install']
[0.266s] Level 1:colcon.colcon_core.package_identification:_identify(install) by extension 'ignore'
[0.266s] Level 1:colcon.colcon_core.package_identification:_identify(install) ignored
[0.266s] Level 1:colcon.colcon_core.package_identification:_identify(log) by extensions ['ignore', 'ignore_ament_install']
[0.267s] Level 1:colcon.colcon_core.package_identification:_identify(log) by extension 'ignore'
[0.267s] Level 1:colcon.colcon_core.package_identification:_identify(log) ignored
[0.267s] Level 1:colcon.colcon_core.package_identification:_identify(src) by extensions ['ignore', 'ignore_ament_install']
[0.267s] Level 1:colcon.colcon_core.package_identification:_identify(src) by extension 'ignore'
[0.267s] Level 1:colcon.colcon_core.package_identification:_identify(src) by extension 'ignore_ament_install'
[0.267s] Level 1:colcon.colcon_core.package_identification:_identify(src) by extensions ['colcon_pkg']
[0.267s] Level 1:colcon.colcon_core.package_identification:_identify(src) by extension 'colcon_pkg'
[0.267s] Level 1:colcon.colcon_core.package_identification:_identify(src) by extensions ['colcon_meta']
[0.267s] Level 1:colcon.colcon_core.package_identification:_identify(src) by extension 'colcon_meta'
[0.267s] Level 1:colcon.colcon_core.package_identification:_identify(src) by extensions ['ros']
[0.267s] Level 1:colcon.colcon_core.package_identification:_identify(src) by extension 'ros'
[0.267s] Level 1:colcon.colcon_core.package_identification:_identify(src) by extensions ['cmake', 'python']
[0.267s] Level 1:colcon.colcon_core.package_identification:_identify(src) by extension 'cmake'
[0.267s] Level 1:colcon.colcon_core.package_identification:_identify(src) by extension 'python'
[0.267s] Level 1:colcon.colcon_core.package_identification:_identify(src) by extensions ['python_setup_py']
[0.267s] Level 1:colcon.colcon_core.package_identification:_identify(src) by extension 'python_setup_py'
[0.267s] Level 1:colcon.colcon_core.package_identification:_identify(src/actions_py) by extensions ['ignore', 'ignore_ament_install']
[0.267s] Level 1:colcon.colcon_core.package_identification:_identify(src/actions_py) by extension 'ignore'
[0.268s] Level 1:colcon.colcon_core.package_identification:_identify(src/actions_py) by extension 'ignore_ament_install'
[0.268s] Level 1:colcon.colcon_core.package_identification:_identify(src/actions_py) by extensions ['colcon_pkg']
[0.268s] Level 1:colcon.colcon_core.package_identification:_identify(src/actions_py) by extension 'colcon_pkg'
[0.268s] Level 1:colcon.colcon_core.package_identification:_identify(src/actions_py) by extensions ['colcon_meta']
[0.268s] Level 1:colcon.colcon_core.package_identification:_identify(src/actions_py) by extension 'colcon_meta'
[0.268s] Level 1:colcon.colcon_core.package_identification:_identify(src/actions_py) by extensions ['ros']
[0.268s] Level 1:colcon.colcon_core.package_identification:_identify(src/actions_py) by extension 'ros'
[0.270s] DEBUG:colcon.colcon_core.package_identification:Package 'src/actions_py' with type 'ros.ament_python' and name 'actions_py'
[0.270s] Level 1:colcon.colcon_core.package_identification:_identify(src/my_robot_controller) by extensions ['ignore', 'ignore_ament_install']
[0.270s] Level 1:colcon.colcon_core.package_identification:_identify(src/my_robot_controller) by extension 'ignore'
[0.270s] Level 1:colcon.colcon_core.package_identification:_identify(src/my_robot_controller) by extension 'ignore_ament_install'
[0.270s] Level 1:colcon.colcon_core.package_identification:_identify(src/my_robot_controller) by extensions ['colcon_pkg']
[0.270s] Level 1:colcon.colcon_core.package_identification:_identify(src/my_robot_controller) by extension 'colcon_pkg'
[0.270s] Level 1:colcon.colcon_core.package_identification:_identify(src/my_robot_controller) by extensions ['colcon_meta']
[0.270s] Level 1:colcon.colcon_core.package_identification:_identify(src/my_robot_controller) by extension 'colcon_meta'
[0.270s] Level 1:colcon.colcon_core.package_identification:_identify(src/my_robot_controller) by extensions ['ros']
[0.271s] Level 1:colcon.colcon_core.package_identification:_identify(src/my_robot_controller) by extension 'ros'
[0.271s] DEBUG:colcon.colcon_core.package_identification:Package 'src/my_robot_controller' with type 'ros.ament_python' and name 'my_robot_controller'
[0.271s] Level 1:colcon.colcon_core.package_identification:_identify(src/my_robot_interfaces) by extensions ['ignore', 'ignore_ament_install']
[0.271s] Level 1:colcon.colcon_core.package_identification:_identify(src/my_robot_interfaces) by extension 'ignore'
[0.271s] Level 1:colcon.colcon_core.package_identification:_identify(src/my_robot_interfaces) by extension 'ignore_ament_install'
[0.271s] Level 1:colcon.colcon_core.package_identification:_identify(src/my_robot_interfaces) by extensions ['colcon_pkg']
[0.271s] Level 1:colcon.colcon_core.package_identification:_identify(src/my_robot_interfaces) by extension 'colcon_pkg'
[0.271s] Level 1:colcon.colcon_core.package_identification:_identify(src/my_robot_interfaces) by extensions ['colcon_meta']
[0.271s] Level 1:colcon.colcon_core.package_identification:_identify(src/my_robot_interfaces) by extension 'colcon_meta'
[0.272s] Level 1:colcon.colcon_core.package_identification:_identify(src/my_robot_interfaces) by extensions ['ros']
[0.272s] Level 1:colcon.colcon_core.package_identification:_identify(src/my_robot_interfaces) by extension 'ros'
[0.272s] DEBUG:colcon.colcon_core.package_identification:Package 'src/my_robot_interfaces' with type 'ros.ament_cmake' and name 'my_robot_interfaces'
[0.272s] Level 1:colcon.colcon_core.package_discovery:discover_packages(recursive) using defaults
[0.272s] Level 1:colcon.colcon_core.package_discovery:discover_packages(ignore) discover
[0.272s] Level 1:colcon.colcon_core.package_discovery:discover_packages(ignore) using defaults
[0.272s] Level 1:colcon.colcon_core.package_discovery:discover_packages(path) discover
[0.272s] Level 1:colcon.colcon_core.package_discovery:discover_packages(path) using defaults
[0.290s] Level 1:colcon.colcon_core.package_discovery:discover_packages(prefix_path) check parameters
[0.290s] Level 1:colcon.colcon_core.package_discovery:discover_packages(prefix_path) discover
[0.291s] DEBUG:colcon.colcon_installed_package_information.package_discovery:Found 3 installed packages in /home/tufail39/ros2_ws_dod/install
[0.292s] DEBUG:colcon.colcon_installed_package_information.package_discovery:Found 270 installed packages in /opt/ros/humble
[0.300s] Level 1:colcon.colcon_core.package_discovery:discover_packages(prefix_path) using defaults
[0.335s] Level 5:colcon.colcon_core.verb:set package 'my_robot_controller' build argument 'cmake_args' from command line to 'None'
[0.335s] Level 5:colcon.colcon_core.verb:set package 'my_robot_controller' build argument 'cmake_target' from command line to 'None'
[0.335s] Level 5:colcon.colcon_core.verb:set package 'my_robot_controller' build argument 'cmake_target_skip_unavailable' from command line to 'False'
[0.335s] Level 5:colcon.colcon_core.verb:set package 'my_robot_controller' build argument 'cmake_clean_cache' from command line to 'False'
[0.335s] Level 5:colcon.colcon_core.verb:set package 'my_robot_controller' build argument 'cmake_clean_first' from command line to 'False'
[0.335s] Level 5:colcon.colcon_core.verb:set package 'my_robot_controller' build argument 'cmake_force_configure' from command line to 'False'
[0.335s] Level 5:colcon.colcon_core.verb:set package 'my_robot_controller' build argument 'ament_cmake_args' from command line to 'None'
[0.335s] Level 5:colcon.colcon_core.verb:set package 'my_robot_controller' build argument 'catkin_cmake_args' from command line to 'None'
[0.335s] Level 5:colcon.colcon_core.verb:set package 'my_robot_controller' build argument 'catkin_skip_building_tests' from command line to 'False'
[0.335s] DEBUG:colcon.colcon_core.verb:Building package 'my_robot_controller' with the following arguments: {'ament_cmake_args': None, 'build_base': '/home/tufail39/ros2_ws_dod/build/my_robot_controller', 'catkin_cmake_args': None, 'catkin_skip_building_tests': False, 'cmake_args': None, 'cmake_clean_cache': False, 'cmake_clean_first': False, 'cmake_force_configure': False, 'cmake_target': None, 'cmake_target_skip_unavailable': False, 'install_base': '/home/tufail39/ros2_ws_dod/install/my_robot_controller', 'merge_install': False, 'path': '/home/tufail39/ros2_ws_dod/src/my_robot_controller', 'symlink_install': True, 'test_result_base': None}
[0.336s] Level 5:colcon.colcon_core.verb:set package 'my_robot_interfaces' build argument 'cmake_args' from command line to 'None'
[0.336s] Level 5:colcon.colcon_core.verb:set package 'my_robot_interfaces' build argument 'cmake_target' from command line to 'None'
[0.336s] Level 5:colcon.colcon_core.verb:set package 'my_robot_interfaces' build argument 'cmake_target_skip_unavailable' from command line to 'False'
[0.336s] Level 5:colcon.colcon_core.verb:set package 'my_robot_interfaces' build argument 'cmake_clean_cache' from command line to 'False'
[0.336s] Level 5:colcon.colcon_core.verb:set package 'my_robot_interfaces' build argument 'cmake_clean_first' from command line to 'False'
[0.336s] Level 5:colcon.colcon_core.verb:set package 'my_robot_interfaces' build argument 'cmake_force_configure' from command line to 'False'
[0.336s] Level 5:colcon.colcon_core.verb:set package 'my_robot_interfaces' build argument 'ament_cmake_args' from command line to 'None'
[0.336s] Level 5:colcon.colcon_core.verb:set package 'my_robot_interfaces' build argument 'catkin_cmake_args' from command line to 'None'
[0.336s] Level 5:colcon.colcon_core.verb:set package 'my_robot_interfaces' build argument 'catkin_skip_building_tests' from command line to 'False'
[0.336s] DEBUG:colcon.colcon_core.verb:Building package 'my_robot_interfaces' with the following arguments: {'ament_cmake_args': None, 'build_base': '/home/tufail39/ros2_ws_dod/build/my_robot_interfaces', 'catkin_cmake_args': None, 'catkin_skip_building_tests': False, 'cmake_args': None, 'cmake_clean_cache': False, 'cmake_clean_first': False, 'cmake_force_configure': False, 'cmake_target': None, 'cmake_target_skip_unavailable': False, 'install_base': '/home/tufail39/ros2_ws_dod/install/my_robot_interfaces', 'merge_install': False, 'path': '/home/tufail39/ros2_ws_dod/src/my_robot_interfaces', 'symlink_install': True, 'test_result_base': None}
[0.336s] Level 5:colcon.colcon_core.verb:set package 'actions_py' build argument 'cmake_args' from command line to 'None'
[0.336s] Level 5:colcon.colcon_core.verb:set package 'actions_py' build argument 'cmake_target' from command line to 'None'
[0.336s] Level 5:colcon.colcon_core.verb:set package 'actions_py' build argument 'cmake_target_skip_unavailable' from command line to 'False'
[0.336s] Level 5:colcon.colcon_core.verb:set package 'actions_py' build argument 'cmake_clean_cache' from command line to 'False'
[0.336s] Level 5:colcon.colcon_core.verb:set package 'actions_py' build argument 'cmake_clean_first' from command line to 'False'
[0.336s] Level 5:colcon.colcon_core.verb:set package 'actions_py' build argument 'cmake_force_configure' from command line to 'False'
[0.336s] Level 5:colcon.colcon_core.verb:set package 'actions_py' build argument 'ament_cmake_args' from command line to 'None'
[0.336s] Level 5:colcon.colcon_core.verb:set package 'actions_py' build argument 'catkin_cmake_args' from command line to 'None'
[0.336s] Level 5:colcon.colcon_core.verb:set package 'actions_py' build argument 'catkin_skip_building_tests' from command line to 'False'
[0.337s] DEBUG:colcon.colcon_core.verb:Building package 'actions_py' with the following arguments: {'ament_cmake_args': None, 'build_base': '/home/tufail39/ros2_ws_dod/build/actions_py', 'catkin_cmake_args': None, 'catkin_skip_building_tests': False, 'cmake_args': None, 'cmake_clean_cache': False, 'cmake_clean_first': False, 'cmake_force_configure': False, 'cmake_target': None, 'cmake_target_skip_unavailable': False, 'install_base': '/home/tufail39/ros2_ws_dod/install/actions_py', 'merge_install': False, 'path': '/home/tufail39/ros2_ws_dod/src/actions_py', 'symlink_install': True, 'test_result_base': None}
[0.337s] INFO:colcon.colcon_core.executor:Executing jobs using 'parallel' executor
[0.337s] DEBUG:colcon.colcon_parallel_executor.executor.parallel:run_until_complete
[0.338s] INFO:colcon.colcon_ros.task.ament_cmake.build:Building ROS package in '/home/tufail39/ros2_ws_dod/src/my_robot_interfaces' with build type 'ament_cmake'
[0.338s] INFO:colcon.colcon_cmake.task.cmake.build:Building CMake package in '/home/tufail39/ros2_ws_dod/src/my_robot_interfaces'
[0.340s] INFO:colcon.colcon_core.plugin_system:Skipping extension 'colcon_core.shell.bat': Not used on non-Windows systems
[0.340s] INFO:colcon.colcon_core.shell:Skip shell extension 'powershell' for command environment: Not usable outside of PowerShell
[0.340s] DEBUG:colcon.colcon_core.shell:Skip shell extension 'dsv' for command environment
[0.343s] INFO:colcon.colcon_ros.task.ament_python.build:Building ROS package in '/home/tufail39/ros2_ws_dod/src/my_robot_controller' with build type 'ament_python'
[0.343s] Level 1:colcon.colcon_core.shell:create_environment_hook('my_robot_controller', 'ament_prefix_path')
[0.343s] INFO:colcon.colcon_core.shell:Creating environment hook '/home/tufail39/ros2_ws_dod/install/my_robot_controller/share/my_robot_controller/hook/ament_prefix_path.ps1'
[0.343s] INFO:colcon.colcon_core.shell:Creating environment descriptor '/home/tufail39/ros2_ws_dod/install/my_robot_controller/share/my_robot_controller/hook/ament_prefix_path.dsv'
[0.344s] INFO:colcon.colcon_core.shell:Creating environment hook '/home/tufail39/ros2_ws_dod/install/my_robot_controller/share/my_robot_controller/hook/ament_prefix_path.sh'
[0.345s] INFO:colcon.colcon_core.shell:Skip shell extension 'powershell' for command environment: Not usable outside of PowerShell
[0.345s] DEBUG:colcon.colcon_core.shell:Skip shell extension 'dsv' for command environment
[0.351s] DEBUG:colcon.colcon_core.event_handler.log_command:Invoking command in '/home/tufail39/ros2_ws_dod/build/my_robot_interfaces': CMAKE_PREFIX_PATH=${CMAKE_PREFIX_PATH}:/home/tufail39/ros2_ws_dod/install/my_robot_controller:/home/tufail39/ros2_ws_dod/install/my_action_package:/opt/ros/humble /usr/bin/cmake --build /home/tufail39/ros2_ws_dod/build/my_robot_interfaces -- -j16 -l16
[0.602s] INFO:colcon.colcon_core.task.python.build:Building Python package in '/home/tufail39/ros2_ws_dod/src/my_robot_controller'
[0.602s] INFO:colcon.colcon_core.shell:Skip shell extension 'powershell' for command environment: Not usable outside of PowerShell
[0.602s] DEBUG:colcon.colcon_core.shell:Skip shell extension 'dsv' for command environment
[0.639s] DEBUG:colcon.colcon_core.event_handler.log_command:Invoked command in '/home/tufail39/ros2_ws_dod/build/my_robot_interfaces' returned '0': CMAKE_PREFIX_PATH=${CMAKE_PREFIX_PATH}:/home/tufail39/ros2_ws_dod/install/my_robot_controller:/home/tufail39/ros2_ws_dod/install/my_action_package:/opt/ros/humble /usr/bin/cmake --build /home/tufail39/ros2_ws_dod/build/my_robot_interfaces -- -j16 -l16
[0.646s] DEBUG:colcon.colcon_core.event_handler.log_command:Invoking command in '/home/tufail39/ros2_ws_dod/build/my_robot_interfaces': CMAKE_PREFIX_PATH=${CMAKE_PREFIX_PATH}:/home/tufail39/ros2_ws_dod/install/my_robot_controller:/home/tufail39/ros2_ws_dod/install/my_action_package:/opt/ros/humble /usr/bin/cmake --install /home/tufail39/ros2_ws_dod/build/my_robot_interfaces
[0.701s] Level 1:colcon.colcon_core.environment:create_environment_scripts_only(my_robot_interfaces)
[0.702s] DEBUG:colcon.colcon_core.event_handler.log_command:Invoked command in '/home/tufail39/ros2_ws_dod/build/my_robot_interfaces' returned '0': CMAKE_PREFIX_PATH=${CMAKE_PREFIX_PATH}:/home/tufail39/ros2_ws_dod/install/my_robot_controller:/home/tufail39/ros2_ws_dod/install/my_action_package:/opt/ros/humble /usr/bin/cmake --install /home/tufail39/ros2_ws_dod/build/my_robot_interfaces
[0.704s] Level 1:colcon.colcon_core.environment:checking '/home/tufail39/ros2_ws_dod/install/my_robot_interfaces' for CMake module files
[0.704s] Level 1:colcon.colcon_core.environment:checking '/home/tufail39/ros2_ws_dod/install/my_robot_interfaces' for CMake config files
[0.705s] Level 1:colcon.colcon_core.shell:create_environment_hook('my_robot_interfaces', 'cmake_prefix_path')
[0.705s] INFO:colcon.colcon_core.shell:Creating environment hook '/home/tufail39/ros2_ws_dod/install/my_robot_interfaces/share/my_robot_interfaces/hook/cmake_prefix_path.ps1'
[0.705s] INFO:colcon.colcon_core.shell:Creating environment descriptor '/home/tufail39/ros2_ws_dod/install/my_robot_interfaces/share/my_robot_interfaces/hook/cmake_prefix_path.dsv'
[0.706s] INFO:colcon.colcon_core.shell:Creating environment hook '/home/tufail39/ros2_ws_dod/install/my_robot_interfaces/share/my_robot_interfaces/hook/cmake_prefix_path.sh'
[0.706s] Level 1:colcon.colcon_core.environment:checking '/home/tufail39/ros2_ws_dod/install/my_robot_interfaces/lib'
[0.706s] Level 1:colcon.colcon_core.shell:create_environment_hook('my_robot_interfaces', 'ld_library_path_lib')
[0.706s] INFO:colcon.colcon_core.shell:Creating environment hook '/home/tufail39/ros2_ws_dod/install/my_robot_interfaces/share/my_robot_interfaces/hook/ld_library_path_lib.ps1'
[0.707s] INFO:colcon.colcon_core.shell:Creating environment descriptor '/home/tufail39/ros2_ws_dod/install/my_robot_interfaces/share/my_robot_interfaces/hook/ld_library_path_lib.dsv'
[0.707s] INFO:colcon.colcon_core.shell:Creating environment hook '/home/tufail39/ros2_ws_dod/install/my_robot_interfaces/share/my_robot_interfaces/hook/ld_library_path_lib.sh'
[0.708s] Level 1:colcon.colcon_core.environment:checking '/home/tufail39/ros2_ws_dod/install/my_robot_interfaces/bin'
[0.708s] Level 1:colcon.colcon_core.environment:checking '/home/tufail39/ros2_ws_dod/install/my_robot_interfaces/lib/pkgconfig/my_robot_interfaces.pc'
[0.708s] Level 1:colcon.colcon_core.environment:checking '/home/tufail39/ros2_ws_dod/install/my_robot_interfaces/lib/python3.10/site-packages'
[0.708s] Level 1:colcon.colcon_core.environment:checking '/home/tufail39/ros2_ws_dod/install/my_robot_interfaces/bin'
[0.708s] INFO:colcon.colcon_core.shell:Creating package script '/home/tufail39/ros2_ws_dod/install/my_robot_interfaces/share/my_robot_interfaces/package.ps1'
[0.709s] INFO:colcon.colcon_core.shell:Creating package descriptor '/home/tufail39/ros2_ws_dod/install/my_robot_interfaces/share/my_robot_interfaces/package.dsv'
[0.710s] INFO:colcon.colcon_core.shell:Creating package script '/home/tufail39/ros2_ws_dod/install/my_robot_interfaces/share/my_robot_interfaces/package.sh'
[0.710s] INFO:colcon.colcon_core.shell:Creating package script '/home/tufail39/ros2_ws_dod/install/my_robot_interfaces/share/my_robot_interfaces/package.bash'
[0.711s] INFO:colcon.colcon_core.shell:Creating package script '/home/tufail39/ros2_ws_dod/install/my_robot_interfaces/share/my_robot_interfaces/package.zsh'
[0.712s] Level 1:colcon.colcon_core.environment:create_file_with_runtime_dependencies(/home/tufail39/ros2_ws_dod/install/my_robot_interfaces/share/colcon-core/packages/my_robot_interfaces)
[0.712s] Level 1:colcon.colcon_core.environment:create_environment_scripts_only(my_robot_interfaces)
[0.712s] Level 1:colcon.colcon_core.environment:checking '/home/tufail39/ros2_ws_dod/install/my_robot_interfaces' for CMake module files
[0.713s] Level 1:colcon.colcon_core.environment:checking '/home/tufail39/ros2_ws_dod/install/my_robot_interfaces' for CMake config files
[0.713s] Level 1:colcon.colcon_core.shell:create_environment_hook('my_robot_interfaces', 'cmake_prefix_path')
[0.713s] INFO:colcon.colcon_core.shell:Creating environment hook '/home/tufail39/ros2_ws_dod/install/my_robot_interfaces/share/my_robot_interfaces/hook/cmake_prefix_path.ps1'
[0.714s] INFO:colcon.colcon_core.shell:Creating environment descriptor '/home/tufail39/ros2_ws_dod/install/my_robot_interfaces/share/my_robot_interfaces/hook/cmake_prefix_path.dsv'
[0.714s] INFO:colcon.colcon_core.shell:Creating environment hook '/home/tufail39/ros2_ws_dod/install/my_robot_interfaces/share/my_robot_interfaces/hook/cmake_prefix_path.sh'
[0.715s] Level 1:colcon.colcon_core.environment:checking '/home/tufail39/ros2_ws_dod/install/my_robot_interfaces/lib'
[0.715s] Level 1:colcon.colcon_core.shell:create_environment_hook('my_robot_interfaces', 'ld_library_path_lib')
[0.715s] INFO:colcon.colcon_core.shell:Creating environment hook '/home/tufail39/ros2_ws_dod/install/my_robot_interfaces/share/my_robot_interfaces/hook/ld_library_path_lib.ps1'
[0.715s] INFO:colcon.colcon_core.shell:Creating environment descriptor '/home/tufail39/ros2_ws_dod/install/my_robot_interfaces/share/my_robot_interfaces/hook/ld_library_path_lib.dsv'
[0.715s] INFO:colcon.colcon_core.shell:Creating environment hook '/home/tufail39/ros2_ws_dod/install/my_robot_interfaces/share/my_robot_interfaces/hook/ld_library_path_lib.sh'
[0.716s] Level 1:colcon.colcon_core.environment:checking '/home/tufail39/ros2_ws_dod/install/my_robot_interfaces/bin'
[0.716s] Level 1:colcon.colcon_core.environment:checking '/home/tufail39/ros2_ws_dod/install/my_robot_interfaces/lib/pkgconfig/my_robot_interfaces.pc'
[0.716s] Level 1:colcon.colcon_core.environment:checking '/home/tufail39/ros2_ws_dod/install/my_robot_interfaces/lib/python3.10/site-packages'
[0.716s] Level 1:colcon.colcon_core.environment:checking '/home/tufail39/ros2_ws_dod/install/my_robot_interfaces/bin'
[0.716s] INFO:colcon.colcon_core.shell:Creating package script '/home/tufail39/ros2_ws_dod/install/my_robot_interfaces/share/my_robot_interfaces/package.ps1'
[0.717s] INFO:colcon.colcon_core.shell:Creating package descriptor '/home/tufail39/ros2_ws_dod/install/my_robot_interfaces/share/my_robot_interfaces/package.dsv'
[0.717s] INFO:colcon.colcon_core.shell:Creating package script '/home/tufail39/ros2_ws_dod/install/my_robot_interfaces/share/my_robot_interfaces/package.sh'
[0.718s] INFO:colcon.colcon_core.shell:Creating package script '/home/tufail39/ros2_ws_dod/install/my_robot_interfaces/share/my_robot_interfaces/package.bash'
[0.718s] INFO:colcon.colcon_core.shell:Creating package script '/home/tufail39/ros2_ws_dod/install/my_robot_interfaces/share/my_robot_interfaces/package.zsh'
[0.719s] Level 1:colcon.colcon_core.environment:create_file_with_runtime_dependencies(/home/tufail39/ros2_ws_dod/install/my_robot_interfaces/share/colcon-core/packages/my_robot_interfaces)
[0.719s] INFO:colcon.colcon_ros.task.ament_python.build:Building ROS package in '/home/tufail39/ros2_ws_dod/src/actions_py' with build type 'ament_python'
[0.719s] Level 1:colcon.colcon_core.shell:create_environment_hook('actions_py', 'ament_prefix_path')
[0.719s] INFO:colcon.colcon_core.shell:Creating environment hook '/home/tufail39/ros2_ws_dod/install/actions_py/share/actions_py/hook/ament_prefix_path.ps1'
[0.720s] INFO:colcon.colcon_core.shell:Creating environment descriptor '/home/tufail39/ros2_ws_dod/install/actions_py/share/actions_py/hook/ament_prefix_path.dsv'
[0.720s] INFO:colcon.colcon_core.shell:Creating environment hook '/home/tufail39/ros2_ws_dod/install/actions_py/share/actions_py/hook/ament_prefix_path.sh'
[0.721s] INFO:colcon.colcon_core.shell:Skip shell extension 'powershell' for command environment: Not usable outside of PowerShell
[0.721s] DEBUG:colcon.colcon_core.shell:Skip shell extension 'dsv' for command environment
[0.955s] INFO:colcon.colcon_core.task.python.build:Building Python package in '/home/tufail39/ros2_ws_dod/src/actions_py'
[0.955s] INFO:colcon.colcon_core.shell:Skip shell extension 'powershell' for command environment: Not usable outside of PowerShell
[0.955s] DEBUG:colcon.colcon_core.shell:Skip shell extension 'dsv' for command environment
[0.960s] DEBUG:colcon.colcon_core.event_handler.log_command:Invoking command in '/home/tufail39/ros2_ws_dod/build/my_robot_controller': PYTHONPATH=/home/tufail39/ros2_ws_dod/build/my_robot_controller/prefix_override:/usr/lib/python3/dist-packages/colcon_core/task/python/colcon_distutils_commands:/home/tufail39/ros2_ws_dod/install/my_robot_controller/lib/python3.10/site-packages:${PYTHONPATH} /usr/bin/python3 -W ignore:setup.py install is deprecated -W ignore:easy_install command is deprecated setup.py develop --editable --build-directory /home/tufail39/ros2_ws_dod/build/my_robot_controller/build --no-deps symlink_data
[1.261s] DEBUG:colcon.colcon_core.event_handler.log_command:Invoking command in '/home/tufail39/ros2_ws_dod/build/actions_py': PYTHONPATH=/home/tufail39/ros2_ws_dod/build/actions_py/prefix_override:/usr/lib/python3/dist-packages/colcon_core/task/python/colcon_distutils_commands:/home/tufail39/ros2_ws_dod/install/actions_py/lib/python3.10/site-packages:${PYTHONPATH} /usr/bin/python3 -W ignore:setup.py install is deprecated -W ignore:easy_install command is deprecated setup.py develop --editable --build-directory /home/tufail39/ros2_ws_dod/build/actions_py/build --no-deps symlink_data
[1.383s] Level 1:colcon.colcon_core.shell:create_environment_hook('my_robot_controller', 'pythonpath_develop')
[1.383s] INFO:colcon.colcon_core.shell:Creating environment hook '/home/tufail39/ros2_ws_dod/build/my_robot_controller/share/my_robot_controller/hook/pythonpath_develop.ps1'
[1.384s] DEBUG:colcon.colcon_core.event_handler.log_command:Invoked command in '/home/tufail39/ros2_ws_dod/build/my_robot_controller' returned '0': PYTHONPATH=/home/tufail39/ros2_ws_dod/build/my_robot_controller/prefix_override:/usr/lib/python3/dist-packages/colcon_core/task/python/colcon_distutils_commands:/home/tufail39/ros2_ws_dod/install/my_robot_controller/lib/python3.10/site-packages:${PYTHONPATH} /usr/bin/python3 -W ignore:setup.py install is deprecated -W ignore:easy_install command is deprecated setup.py develop --editable --build-directory /home/tufail39/ros2_ws_dod/build/my_robot_controller/build --no-deps symlink_data
[1.384s] INFO:colcon.colcon_core.shell:Creating environment descriptor '/home/tufail39/ros2_ws_dod/build/my_robot_controller/share/my_robot_controller/hook/pythonpath_develop.dsv'
[1.384s] INFO:colcon.colcon_core.shell:Creating environment hook '/home/tufail39/ros2_ws_dod/build/my_robot_controller/share/my_robot_controller/hook/pythonpath_develop.sh'
[1.385s] Level 1:colcon.colcon_core.environment:checking '/home/tufail39/ros2_ws_dod/install/my_robot_controller' for CMake module files
[1.385s] Level 1:colcon.colcon_core.environment:checking '/home/tufail39/ros2_ws_dod/install/my_robot_controller' for CMake config files
[1.386s] Level 1:colcon.colcon_core.environment:checking '/home/tufail39/ros2_ws_dod/install/my_robot_controller/lib'
[1.386s] Level 1:colcon.colcon_core.environment:checking '/home/tufail39/ros2_ws_dod/install/my_robot_controller/bin'
[1.386s] Level 1:colcon.colcon_core.environment:checking '/home/tufail39/ros2_ws_dod/install/my_robot_controller/lib/pkgconfig/my_robot_controller.pc'
[1.386s] Level 1:colcon.colcon_core.environment:checking '/home/tufail39/ros2_ws_dod/install/my_robot_controller/lib/python3.10/site-packages'
[1.386s] Level 1:colcon.colcon_core.shell:create_environment_hook('my_robot_controller', 'pythonpath')
[1.386s] INFO:colcon.colcon_core.shell:Creating environment hook '/home/tufail39/ros2_ws_dod/install/my_robot_controller/share/my_robot_controller/hook/pythonpath.ps1'
[1.387s] INFO:colcon.colcon_core.shell:Creating environment descriptor '/home/tufail39/ros2_ws_dod/install/my_robot_controller/share/my_robot_controller/hook/pythonpath.dsv'
[1.387s] INFO:colcon.colcon_core.shell:Creating environment hook '/home/tufail39/ros2_ws_dod/install/my_robot_controller/share/my_robot_controller/hook/pythonpath.sh'
[1.387s] Level 1:colcon.colcon_core.environment:checking '/home/tufail39/ros2_ws_dod/install/my_robot_controller/bin'
[1.388s] Level 1:colcon.colcon_core.environment:create_environment_scripts_only(my_robot_controller)
[1.388s] INFO:colcon.colcon_core.shell:Creating package script '/home/tufail39/ros2_ws_dod/install/my_robot_controller/share/my_robot_controller/package.ps1'
[1.388s] INFO:colcon.colcon_core.shell:Creating package descriptor '/home/tufail39/ros2_ws_dod/install/my_robot_controller/share/my_robot_controller/package.dsv'
[1.389s] INFO:colcon.colcon_core.shell:Creating package script '/home/tufail39/ros2_ws_dod/install/my_robot_controller/share/my_robot_controller/package.sh'
[1.389s] INFO:colcon.colcon_core.shell:Creating package script '/home/tufail39/ros2_ws_dod/install/my_robot_controller/share/my_robot_controller/package.bash'
[1.389s] INFO:colcon.colcon_core.shell:Creating package script '/home/tufail39/ros2_ws_dod/install/my_robot_controller/share/my_robot_controller/package.zsh'
[1.390s] Level 1:colcon.colcon_core.environment:create_file_with_runtime_dependencies(/home/tufail39/ros2_ws_dod/install/my_robot_controller/share/colcon-core/packages/my_robot_controller)
[1.704s] Level 1:colcon.colcon_core.shell:create_environment_hook('actions_py', 'pythonpath_develop')
[1.704s] INFO:colcon.colcon_core.shell:Creating environment hook '/home/tufail39/ros2_ws_dod/build/actions_py/share/actions_py/hook/pythonpath_develop.ps1'
[1.704s] DEBUG:colcon.colcon_core.event_handler.log_command:Invoked command in '/home/tufail39/ros2_ws_dod/build/actions_py' returned '0': PYTHONPATH=/home/tufail39/ros2_ws_dod/build/actions_py/prefix_override:/usr/lib/python3/dist-packages/colcon_core/task/python/colcon_distutils_commands:/home/tufail39/ros2_ws_dod/install/actions_py/lib/python3.10/site-packages:${PYTHONPATH} /usr/bin/python3 -W ignore:setup.py install is deprecated -W ignore:easy_install command is deprecated setup.py develop --editable --build-directory /home/tufail39/ros2_ws_dod/build/actions_py/build --no-deps symlink_data
[1.705s] INFO:colcon.colcon_core.shell:Creating environment descriptor '/home/tufail39/ros2_ws_dod/build/actions_py/share/actions_py/hook/pythonpath_develop.dsv'
[1.705s] INFO:colcon.colcon_core.shell:Creating environment hook '/home/tufail39/ros2_ws_dod/build/actions_py/share/actions_py/hook/pythonpath_develop.sh'
[1.706s] Level 1:colcon.colcon_core.environment:checking '/home/tufail39/ros2_ws_dod/install/actions_py' for CMake module files
[1.706s] Level 1:colcon.colcon_core.environment:checking '/home/tufail39/ros2_ws_dod/install/actions_py' for CMake config files
[1.707s] Level 1:colcon.colcon_core.environment:checking '/home/tufail39/ros2_ws_dod/install/actions_py/lib'
[1.707s] Level 1:colcon.colcon_core.environment:checking '/home/tufail39/ros2_ws_dod/install/actions_py/bin'
[1.707s] Level 1:colcon.colcon_core.environment:checking '/home/tufail39/ros2_ws_dod/install/actions_py/lib/pkgconfig/actions_py.pc'
[1.707s] Level 1:colcon.colcon_core.environment:checking '/home/tufail39/ros2_ws_dod/install/actions_py/lib/python3.10/site-packages'
[1.707s] Level 1:colcon.colcon_core.shell:create_environment_hook('actions_py', 'pythonpath')
[1.707s] INFO:colcon.colcon_core.shell:Creating environment hook '/home/tufail39/ros2_ws_dod/install/actions_py/share/actions_py/hook/pythonpath.ps1'
[1.708s] INFO:colcon.colcon_core.shell:Creating environment descriptor '/home/tufail39/ros2_ws_dod/install/actions_py/share/actions_py/hook/pythonpath.dsv'
[1.708s] INFO:colcon.colcon_core.shell:Creating environment hook '/home/tufail39/ros2_ws_dod/install/actions_py/share/actions_py/hook/pythonpath.sh'
[1.709s] Level 1:colcon.colcon_core.environment:checking '/home/tufail39/ros2_ws_dod/install/actions_py/bin'
[1.709s] Level 1:colcon.colcon_core.environment:create_environment_scripts_only(actions_py)
[1.709s] INFO:colcon.colcon_core.shell:Creating package script '/home/tufail39/ros2_ws_dod/install/actions_py/share/actions_py/package.ps1'
[1.710s] INFO:colcon.colcon_core.shell:Creating package descriptor '/home/tufail39/ros2_ws_dod/install/actions_py/share/actions_py/package.dsv'
[1.710s] INFO:colcon.colcon_core.shell:Creating package script '/home/tufail39/ros2_ws_dod/install/actions_py/share/actions_py/package.sh'
[1.711s] INFO:colcon.colcon_core.shell:Creating package script '/home/tufail39/ros2_ws_dod/install/actions_py/share/actions_py/package.bash'
[1.711s] INFO:colcon.colcon_core.shell:Creating package script '/home/tufail39/ros2_ws_dod/install/actions_py/share/actions_py/package.zsh'
[1.711s] Level 1:colcon.colcon_core.environment:create_file_with_runtime_dependencies(/home/tufail39/ros2_ws_dod/install/actions_py/share/colcon-core/packages/actions_py)
[1.712s] DEBUG:colcon.colcon_parallel_executor.executor.parallel:closing loop
[1.712s] DEBUG:colcon.colcon_parallel_executor.executor.parallel:loop closed
[1.712s] DEBUG:colcon.colcon_parallel_executor.executor.parallel:run_until_complete finished with '0'
[1.712s] DEBUG:colcon.colcon_core.event_reactor:joining thread
[1.717s] INFO:colcon.colcon_core.plugin_system:Skipping extension 'colcon_notification.desktop_notification.terminal_notifier': Not used on non-Darwin systems
[1.717s] INFO:colcon.colcon_core.plugin_system:Skipping extension 'colcon_notification.desktop_notification.win32': Not used on non-Windows systems
[1.717s] INFO:colcon.colcon_notification.desktop_notification:Sending desktop notification using 'notify2'
[1.731s] DEBUG:colcon.colcon_core.event_reactor:joined thread
[1.732s] INFO:colcon.colcon_core.shell:Creating prefix script '/home/tufail39/ros2_ws_dod/install/local_setup.ps1'
[1.733s] INFO:colcon.colcon_core.shell:Creating prefix util module '/home/tufail39/ros2_ws_dod/install/_local_setup_util_ps1.py'
[1.735s] INFO:colcon.colcon_core.shell:Creating prefix chain script '/home/tufail39/ros2_ws_dod/install/setup.ps1'
[1.736s] INFO:colcon.colcon_core.shell:Creating prefix script '/home/tufail39/ros2_ws_dod/install/local_setup.sh'
[1.737s] INFO:colcon.colcon_core.shell:Creating prefix util module '/home/tufail39/ros2_ws_dod/install/_local_setup_util_sh.py'
[1.737s] INFO:colcon.colcon_core.shell:Creating prefix chain script '/home/tufail39/ros2_ws_dod/install/setup.sh'
[1.738s] INFO:colcon.colcon_core.shell:Creating prefix script '/home/tufail39/ros2_ws_dod/install/local_setup.bash'
[1.739s] INFO:colcon.colcon_core.shell:Creating prefix chain script '/home/tufail39/ros2_ws_dod/install/setup.bash'
[1.739s] INFO:colcon.colcon_core.shell:Creating prefix script '/home/tufail39/ros2_ws_dod/install/local_setup.zsh'
[1.740s] INFO:colcon.colcon_core.shell:Creating prefix chain script '/home/tufail39/ros2_ws_dod/install/setup.zsh'
