[0.541s] Invoking command in '/home/tufail39/ros2_ws_dod/build/actions_py': PYTHONPATH=/home/tufail39/ros2_ws_dod/build/actions_py/prefix_override:/usr/lib/python3/dist-packages/colcon_core/task/python/colcon_distutils_commands:/home/tufail39/ros2_ws_dod/install/actions_py/lib/python3.10/site-packages:${PYTHONPATH} /usr/bin/python3 -W ignore:setup.py install is deprecated -W ignore:easy_install command is deprecated setup.py develop --editable --build-directory /home/tufail39/ros2_ws_dod/build/actions_py/build --no-deps symlink_data
[0.790s] running develop
[0.951s] running egg_info
[0.951s] creating actions_py.egg-info
[0.951s] writing actions_py.egg-info/PKG-INFO
[0.952s] writing dependency_links to actions_py.egg-info/dependency_links.txt
[0.952s] writing entry points to actions_py.egg-info/entry_points.txt
[0.952s] writing requirements to actions_py.egg-info/requires.txt
[0.952s] writing top-level names to actions_py.egg-info/top_level.txt
[0.952s] writing manifest file 'actions_py.egg-info/SOURCES.txt'
[0.953s] reading manifest file 'actions_py.egg-info/SOURCES.txt'
[0.954s] writing manifest file 'actions_py.egg-info/SOURCES.txt'
[0.955s] running build_ext
[0.955s] Creating /home/tufail39/ros2_ws_dod/install/actions_py/lib/python3.10/site-packages/actions-py.egg-link (link to .)
[0.956s] 
[0.956s] Installed /home/tufail39/ros2_ws_dod/build/actions_py
[0.956s] running symlink_data
[0.956s] creating /home/tufail39/ros2_ws_dod/install/actions_py/share/ament_index
[0.956s] creating /home/tufail39/ros2_ws_dod/install/actions_py/share/ament_index/resource_index
[0.956s] creating /home/tufail39/ros2_ws_dod/install/actions_py/share/ament_index/resource_index/packages
[0.957s] symbolically linking /home/tufail39/ros2_ws_dod/build/actions_py/resource/actions_py -> /home/tufail39/ros2_ws_dod/install/actions_py/share/ament_index/resource_index/packages
[0.957s] symbolically linking /home/tufail39/ros2_ws_dod/build/actions_py/package.xml -> /home/tufail39/ros2_ws_dod/install/actions_py/share/actions_py
[0.985s] Invoked command in '/home/tufail39/ros2_ws_dod/build/actions_py' returned '0': PYTHONPATH=/home/tufail39/ros2_ws_dod/build/actions_py/prefix_override:/usr/lib/python3/dist-packages/colcon_core/task/python/colcon_distutils_commands:/home/tufail39/ros2_ws_dod/install/actions_py/lib/python3.10/site-packages:${PYTHONPATH} /usr/bin/python3 -W ignore:setup.py install is deprecated -W ignore:easy_install command is deprecated setup.py develop --editable --build-directory /home/tufail39/ros2_ws_dod/build/actions_py/build --no-deps symlink_data
