[0.235s] Invoking command in '/home/tufail39/ros2_ws_dod/build/my_robot_interfaces': CMAKE_PREFIX_PATH=/home/tufail39/ros2_ws_dod/install/my_action_package:/home/tufail39/ros2_ws_dod/install/my_robot_controller:/opt/ros/humble /usr/bin/cmake /home/tufail39/ros2_ws_dod/src/my_robot_interfaces -DAMENT_CMAKE_SYMLINK_INSTALL=1 -DCMAKE_INSTALL_PREFIX=/home/tufail39/ros2_ws_dod/install/my_robot_interfaces
[0.244s] -- Found ament_cmake: 1.3.11 (/opt/ros/humble/share/ament_cmake/cmake)
[0.347s] -- Override CMake install command with custom implementation using symlinks instead of copying resources
[0.353s] -- Found rosidl_default_generators: 1.2.0 (/opt/ros/humble/share/rosidl_default_generators/cmake)
[0.355s] -- Using all available rosidl_typesupport_c: rosidl_typesupport_fastrtps_c;rosidl_typesupport_introspection_c
[0.357s] -- Found rosidl_adapter: 3.1.6 (/opt/ros/humble/share/rosidl_adapter/cmake)
[0.384s] -- Using all available rosidl_typesupport_cpp: rosidl_typesupport_fastrtps_cpp;rosidl_typesupport_introspection_cpp
[0.549s] [31mCMake Error at /opt/ros/humble/share/rosidl_adapter/cmake/rosidl_adapt_interfaces.cmake:59 (message):
[0.549s]   execute_process(/usr/bin/python3 -m rosidl_adapter --package-name
[0.549s]   my_robot_interfaces --arguments-file
[0.549s]   /home/tufail39/ros2_ws_dod/build/my_robot_interfaces/rosidl_adapter__arguments__my_robot_interfaces.json
[0.549s]   --output-dir
[0.549s]   /home/tufail39/ros2_ws_dod/build/my_robot_interfaces/rosidl_adapter/my_robot_interfaces
[0.550s]   --output-file
[0.550s]   /home/tufail39/ros2_ws_dod/build/my_robot_interfaces/rosidl_adapter/my_robot_interfaces.idls)
[0.550s]   returned error code 1:
[0.550s] 
[0.550s]   Error processing 'int 64 reached_number' of
[0.550s]   'my_robot_interfaces/CountUntil_Result': ''int' is an invalid message name.
[0.550s]   It should have the pattern '^[A-Z][A-Za-z0-9]*$''
[0.550s] 
[0.550s]   Traceback (most recent call last):
[0.550s] 
[0.550s]     File "/usr/lib/python3.10/runpy.py", line 196, in _run_module_as_main
[0.550s]       return _run_code(code, main_globals, None,
[0.550s]     File "/usr/lib/python3.10/runpy.py", line 86, in _run_code
[0.551s]       exec(code, run_globals)
[0.551s]     File "/opt/ros/humble/local/lib/python3.10/dist-packages/rosidl_adapter/__main__.py", line 19, in <module>
[0.551s]       sys.exit(main())
[0.551s]     File "/opt/ros/humble/local/lib/python3.10/dist-packages/rosidl_adapter/main.py", line 53, in main
[0.551s]       abs_idl_file = convert_to_idl(
[0.551s]     File "/opt/ros/humble/local/lib/python3.10/dist-packages/rosidl_adapter/__init__.py", line 29, in convert_to_idl
[0.551s]       return convert_action_to_idl(
[0.551s]     File "/opt/ros/humble/local/lib/python3.10/dist-packages/rosidl_adapter/action/__init__.py", line 28, in convert_action_to_idl
[0.551s]       action = parse_action_string(package_name, input_file.stem, content)
[0.551s]     File "/opt/ros/humble/local/lib/python3.10/dist-packages/rosidl_adapter/parser.py", line 904, in parse_action_string
[0.551s]       result_message = parse_message_string(
[0.551s]     File "/opt/ros/humble/local/lib/python3.10/dist-packages/rosidl_adapter/parser.py", line 520, in parse_message_string
[0.552s]       Type(type_string, context_package_name=pkg_name),
[0.552s]     File "/opt/ros/humble/local/lib/python3.10/dist-packages/rosidl_adapter/parser.py", line 277, in __init__
[0.552s]       super(Type, self).__init__(
[0.552s]     File "/opt/ros/humble/local/lib/python3.10/dist-packages/rosidl_adapter/parser.py", line 205, in __init__
[0.552s]       raise InvalidResourceName(
[0.552s] 
[0.552s]   rosidl_adapter.parser.InvalidResourceName: 'int' is an invalid message
[0.552s]   name.  It should have the pattern '^[A-Z][A-Za-z0-9]*$'
[0.552s] 
[0.552s] Call Stack (most recent call first):
[0.552s]   /opt/ros/humble/share/rosidl_cmake/cmake/rosidl_generate_interfaces.cmake:130 (rosidl_adapt_interfaces)
[0.553s]   CMakeLists.txt:12 (rosidl_generate_interfaces)
[0.553s] 
[0.553s] [0m
[0.553s] -- Configuring incomplete, errors occurred!
[0.553s] See also "/home/tufail39/ros2_ws_dod/build/my_robot_interfaces/CMakeFiles/CMakeOutput.log".
[0.555s] Invoked command in '/home/tufail39/ros2_ws_dod/build/my_robot_interfaces' returned '1': CMAKE_PREFIX_PATH=/home/tufail39/ros2_ws_dod/install/my_action_package:/home/tufail39/ros2_ws_dod/install/my_robot_controller:/opt/ros/humble /usr/bin/cmake /home/tufail39/ros2_ws_dod/src/my_robot_interfaces -DAMENT_CMAKE_SYMLINK_INSTALL=1 -DCMAKE_INSTALL_PREFIX=/home/tufail39/ros2_ws_dod/install/my_robot_interfaces
