[0.538s] Invoking command in '/home/tufail39/ros2_ws_dod/build/my_robot_controller': PYTHONPATH=/home/tufail39/ros2_ws_dod/build/my_robot_controller/prefix_override:/usr/lib/python3/dist-packages/colcon_core/task/python/colcon_distutils_commands:/home/tufail39/ros2_ws_dod/install/my_robot_controller/lib/python3.10/site-packages:${PYTHONPATH} /usr/bin/python3 -W ignore:setup.py install is deprecated -W ignore:easy_install command is deprecated setup.py develop --editable --build-directory /home/tufail39/ros2_ws_dod/build/my_robot_controller/build --no-deps symlink_data
[0.778s] running develop
[0.933s] running egg_info
[0.933s] writing my_robot_controller.egg-info/PKG-INFO
[0.933s] writing dependency_links to my_robot_controller.egg-info/dependency_links.txt
[0.933s] writing entry points to my_robot_controller.egg-info/entry_points.txt
[0.933s] writing requirements to my_robot_controller.egg-info/requires.txt
[0.934s] writing top-level names to my_robot_controller.egg-info/top_level.txt
[0.935s] reading manifest file 'my_robot_controller.egg-info/SOURCES.txt'
[0.936s] writing manifest file 'my_robot_controller.egg-info/SOURCES.txt'
[0.937s] running build_ext
[0.937s] Creating /home/tufail39/ros2_ws_dod/install/my_robot_controller/lib/python3.10/site-packages/my-robot-controller.egg-link (link to .)
[0.938s] Installing draw_circle script to /home/tufail39/ros2_ws_dod/install/my_robot_controller/lib/my_robot_controller
[0.938s] Installing publisher_test script to /home/tufail39/ros2_ws_dod/install/my_robot_controller/lib/my_robot_controller
[0.938s] Installing subscriber script to /home/tufail39/ros2_ws_dod/install/my_robot_controller/lib/my_robot_controller
[0.938s] Installing test_node script to /home/tufail39/ros2_ws_dod/install/my_robot_controller/lib/my_robot_controller
[0.938s] Installing turtle_controller script to /home/tufail39/ros2_ws_dod/install/my_robot_controller/lib/my_robot_controller
[0.938s] Installing turtlesim_pose_subscriber script to /home/tufail39/ros2_ws_dod/install/my_robot_controller/lib/my_robot_controller
[0.938s] 
[0.938s] Installed /home/tufail39/ros2_ws_dod/build/my_robot_controller
[0.939s] running symlink_data
