[0.559s] Invoking command in '/home/tufail39/ros2_ws_dod/build/my_robot_controller': PYTHONPATH=/home/tufail39/ros2_ws_dod/build/my_robot_controller/prefix_override:/usr/lib/python3/dist-packages/colcon_core/task/python/colcon_distutils_commands:/home/tufail39/ros2_ws_dod/install/my_robot_controller/lib/python3.10/site-packages:${PYTHONPATH} /usr/bin/python3 -W ignore:setup.py install is deprecated -W ignore:easy_install command is deprecated setup.py develop --editable --build-directory /home/tufail39/ros2_ws_dod/build/my_robot_controller/build --no-deps symlink_data
[0.794s] running develop
[0.949s] running egg_info
[0.950s] writing my_robot_controller.egg-info/PKG-INFO
[0.950s] writing dependency_links to my_robot_controller.egg-info/dependency_links.txt
[0.950s] writing entry points to my_robot_controller.egg-info/entry_points.txt
[0.950s] writing requirements to my_robot_controller.egg-info/requires.txt
[0.950s] writing top-level names to my_robot_controller.egg-info/top_level.txt
[0.953s] reading manifest file 'my_robot_controller.egg-info/SOURCES.txt'
[0.954s] writing manifest file 'my_robot_controller.egg-info/SOURCES.txt'
[0.955s] running build_ext
[0.955s] Creating /home/tufail39/ros2_ws_dod/install/my_robot_controller/lib/python3.10/site-packages/my-robot-controller.egg-link (link to .)
[0.956s] Installing draw_circle script to /home/tufail39/ros2_ws_dod/install/my_robot_controller/lib/my_robot_controller
[0.957s] Installing publisher_test script to /home/tufail39/ros2_ws_dod/install/my_robot_controller/lib/my_robot_controller
[0.957s] Installing subscriber script to /home/tufail39/ros2_ws_dod/install/my_robot_controller/lib/my_robot_controller
[0.957s] Installing test_node script to /home/tufail39/ros2_ws_dod/install/my_robot_controller/lib/my_robot_controller
[0.957s] Installing turtle_controller script to /home/tufail39/ros2_ws_dod/install/my_robot_controller/lib/my_robot_controller
[0.957s] Installing turtlesim_pose_subscriber script to /home/tufail39/ros2_ws_dod/install/my_robot_controller/lib/my_robot_controller
[0.957s] 
[0.957s] Installed /home/tufail39/ros2_ws_dod/build/my_robot_controller
[0.957s] running symlink_data
[0.979s] Invoked command in '/home/tufail39/ros2_ws_dod/build/my_robot_controller' returned '0': PYTHONPATH=/home/tufail39/ros2_ws_dod/build/my_robot_controller/prefix_override:/usr/lib/python3/dist-packages/colcon_core/task/python/colcon_distutils_commands:/home/tufail39/ros2_ws_dod/install/my_robot_controller/lib/python3.10/site-packages:${PYTHONPATH} /usr/bin/python3 -W ignore:setup.py install is deprecated -W ignore:easy_install command is deprecated setup.py develop --editable --build-directory /home/tufail39/ros2_ws_dod/build/my_robot_controller/build --no-deps symlink_data
