[0.508s] Invoking command in '/home/tufail39/ros2_ws_dod/build/my_robot_controller': PYTHONPATH=/home/tufail39/ros2_ws_dod/build/my_robot_controller/prefix_override:/usr/lib/python3/dist-packages/colcon_core/task/python/colcon_distutils_commands:/home/tufail39/ros2_ws_dod/install/my_robot_controller/lib/python3.10/site-packages:${PYTHONPATH} /usr/bin/python3 -W ignore:setup.py install is deprecated setup.py develop --uninstall --editable --build-directory /home/tufail39/ros2_ws_dod/build/my_robot_controller/build
[0.736s] running develop
[0.736s] /usr/lib/python3/dist-packages/setuptools/command/easy_install.py:158: EasyInstallDeprecationWarning: easy_install command is deprecated. Use build and pip and other standards-based tools.
[0.736s]   warnings.warn(
[0.885s] Removing /home/tufail39/ros2_ws_dod/install/my_robot_controller/lib/python3.10/site-packages/my-robot-controller.egg-link (link to .)
[0.903s] Invoked command in '/home/tufail39/ros2_ws_dod/build/my_robot_controller' returned '0': PYTHONPATH=/home/tufail39/ros2_ws_dod/build/my_robot_controller/prefix_override:/usr/lib/python3/dist-packages/colcon_core/task/python/colcon_distutils_commands:/home/tufail39/ros2_ws_dod/install/my_robot_controller/lib/python3.10/site-packages:${PYTHONPATH} /usr/bin/python3 -W ignore:setup.py install is deprecated setup.py develop --uninstall --editable --build-directory /home/tufail39/ros2_ws_dod/build/my_robot_controller/build
[0.903s] Invoking command in '/home/tufail39/ros2_ws_dod/src/my_robot_controller': PYTHONPATH=/home/tufail39/ros2_ws_dod/build/my_robot_controller/prefix_override:/usr/lib/python3/dist-packages/colcon_core/task/python/colcon_distutils_commands:/home/tufail39/ros2_ws_dod/install/my_robot_controller/lib/python3.10/site-packages:${PYTHONPATH} /usr/bin/python3 -W ignore:setup.py install is deprecated setup.py egg_info --egg-base ../../build/my_robot_controller build --build-base /home/tufail39/ros2_ws_dod/build/my_robot_controller/build install --record /home/tufail39/ros2_ws_dod/build/my_robot_controller/install.log --single-version-externally-managed install_data --force
[1.112s] running egg_info
[1.113s] writing ../../build/my_robot_controller/my_robot_controller.egg-info/PKG-INFO
[1.113s] writing dependency_links to ../../build/my_robot_controller/my_robot_controller.egg-info/dependency_links.txt
[1.114s] writing entry points to ../../build/my_robot_controller/my_robot_controller.egg-info/entry_points.txt
[1.114s] writing requirements to ../../build/my_robot_controller/my_robot_controller.egg-info/requires.txt
[1.114s] writing top-level names to ../../build/my_robot_controller/my_robot_controller.egg-info/top_level.txt
[1.115s] reading manifest file '../../build/my_robot_controller/my_robot_controller.egg-info/SOURCES.txt'
[1.116s] writing manifest file '../../build/my_robot_controller/my_robot_controller.egg-info/SOURCES.txt'
[1.116s] running build
[1.116s] running build_py
[1.116s] copying my_robot_controller/my_first_node.py -> /home/tufail39/ros2_ws_dod/build/my_robot_controller/build/lib/my_robot_controller
[1.116s] running install
[1.116s] running install_lib
[1.117s] creating /home/tufail39/ros2_ws_dod/install/my_robot_controller/lib/python3.10/site-packages/my_robot_controller
[1.117s] copying /home/tufail39/ros2_ws_dod/build/my_robot_controller/build/lib/my_robot_controller/my_first_node.py -> /home/tufail39/ros2_ws_dod/install/my_robot_controller/lib/python3.10/site-packages/my_robot_controller
[1.117s] copying /home/tufail39/ros2_ws_dod/build/my_robot_controller/build/lib/my_robot_controller/__init__.py -> /home/tufail39/ros2_ws_dod/install/my_robot_controller/lib/python3.10/site-packages/my_robot_controller
[1.118s] byte-compiling /home/tufail39/ros2_ws_dod/install/my_robot_controller/lib/python3.10/site-packages/my_robot_controller/my_first_node.py to my_first_node.cpython-310.pyc
[1.118s] byte-compiling /home/tufail39/ros2_ws_dod/install/my_robot_controller/lib/python3.10/site-packages/my_robot_controller/__init__.py to __init__.cpython-310.pyc
[1.118s] running install_data
[1.118s] copying resource/my_robot_controller -> /home/tufail39/ros2_ws_dod/install/my_robot_controller/share/ament_index/resource_index/packages
[1.118s] copying package.xml -> /home/tufail39/ros2_ws_dod/install/my_robot_controller/share/my_robot_controller
[1.118s] running install_egg_info
[1.120s] Copying ../../build/my_robot_controller/my_robot_controller.egg-info to /home/tufail39/ros2_ws_dod/install/my_robot_controller/lib/python3.10/site-packages/my_robot_controller-0.0.0-py3.10.egg-info
[1.120s] running install_scripts
[1.138s] Installing test_node script to /home/tufail39/ros2_ws_dod/install/my_robot_controller/lib/my_robot_controller
[1.138s] writing list of installed files to '/home/tufail39/ros2_ws_dod/build/my_robot_controller/install.log'
[1.155s] Invoked command in '/home/tufail39/ros2_ws_dod/src/my_robot_controller' returned '0': PYTHONPATH=/home/tufail39/ros2_ws_dod/build/my_robot_controller/prefix_override:/usr/lib/python3/dist-packages/colcon_core/task/python/colcon_distutils_commands:/home/tufail39/ros2_ws_dod/install/my_robot_controller/lib/python3.10/site-packages:${PYTHONPATH} /usr/bin/python3 -W ignore:setup.py install is deprecated setup.py egg_info --egg-base ../../build/my_robot_controller build --build-base /home/tufail39/ros2_ws_dod/build/my_robot_controller/build install --record /home/tufail39/ros2_ws_dod/build/my_robot_controller/install.log --single-version-externally-managed install_data --force
