running develop
running egg_info
creating my_action_package.egg-info
writing my_action_package.egg-info/PKG-INFO
writing dependency_links to my_action_package.egg-info/dependency_links.txt
writing entry points to my_action_package.egg-info/entry_points.txt
writing requirements to my_action_package.egg-info/requires.txt
writing top-level names to my_action_package.egg-info/top_level.txt
writing manifest file 'my_action_package.egg-info/SOURCES.txt'
reading manifest file 'my_action_package.egg-info/SOURCES.txt'
writing manifest file 'my_action_package.egg-info/SOURCES.txt'
running build_ext
Creating /home/tufail39/ros2_ws_dod/install/my_action_package/lib/python3.10/site-packages/my-action-package.egg-link (link to .)

Installed /home/tufail39/ros2_ws_dod/build/my_action_package
running symlink_data
creating /home/tufail39/ros2_ws_dod/install/my_action_package/share/ament_index
creating /home/tufail39/ros2_ws_dod/install/my_action_package/share/ament_index/resource_index
creating /home/tufail39/ros2_ws_dod/install/my_action_package/share/ament_index/resource_index/packages
symbolically linking /home/tufail39/ros2_ws_dod/build/my_action_package/resource/my_action_package -> /home/tufail39/ros2_ws_dod/install/my_action_package/share/ament_index/resource_index/packages
symbolically linking /home/tufail39/ros2_ws_dod/build/my_action_package/package.xml -> /home/tufail39/ros2_ws_dod/install/my_action_package/share/my_action_package
