[0.783s] Invoking command in '/home/tufail39/ros2_ws_dod/build/my_action_package': PYTHONPATH=/home/tufail39/ros2_ws_dod/build/my_action_package/prefix_override:/usr/lib/python3/dist-packages/colcon_core/task/python/colcon_distutils_commands:/home/tufail39/ros2_ws_dod/install/my_action_package/lib/python3.10/site-packages:${PYTHONPATH} /usr/bin/python3 -W ignore:setup.py install is deprecated -W ignore:easy_install command is deprecated setup.py develop --editable --build-directory /home/tufail39/ros2_ws_dod/build/my_action_package/build --no-deps symlink_data
[1.017s] running develop
[1.173s] running egg_info
[1.173s] creating my_action_package.egg-info
[1.173s] writing my_action_package.egg-info/PKG-INFO
[1.174s] writing dependency_links to my_action_package.egg-info/dependency_links.txt
[1.174s] writing entry points to my_action_package.egg-info/entry_points.txt
[1.174s] writing requirements to my_action_package.egg-info/requires.txt
[1.174s] writing top-level names to my_action_package.egg-info/top_level.txt
[1.174s] writing manifest file 'my_action_package.egg-info/SOURCES.txt'
[1.176s] reading manifest file 'my_action_package.egg-info/SOURCES.txt'
[1.177s] writing manifest file 'my_action_package.egg-info/SOURCES.txt'
[1.178s] running build_ext
[1.178s] Creating /home/tufail39/ros2_ws_dod/install/my_action_package/lib/python3.10/site-packages/my-action-package.egg-link (link to .)
[1.179s] 
[1.179s] Installed /home/tufail39/ros2_ws_dod/build/my_action_package
[1.179s] running symlink_data
[1.179s] creating /home/tufail39/ros2_ws_dod/install/my_action_package/share/ament_index
[1.179s] creating /home/tufail39/ros2_ws_dod/install/my_action_package/share/ament_index/resource_index
[1.179s] creating /home/tufail39/ros2_ws_dod/install/my_action_package/share/ament_index/resource_index/packages
[1.179s] symbolically linking /home/tufail39/ros2_ws_dod/build/my_action_package/resource/my_action_package -> /home/tufail39/ros2_ws_dod/install/my_action_package/share/ament_index/resource_index/packages
[1.179s] symbolically linking /home/tufail39/ros2_ws_dod/build/my_action_package/package.xml -> /home/tufail39/ros2_ws_dod/install/my_action_package/share/my_action_package
[1.203s] Invoked command in '/home/tufail39/ros2_ws_dod/build/my_action_package' returned '0': PYTHONPATH=/home/tufail39/ros2_ws_dod/build/my_action_package/prefix_override:/usr/lib/python3/dist-packages/colcon_core/task/python/colcon_distutils_commands:/home/tufail39/ros2_ws_dod/install/my_action_package/lib/python3.10/site-packages:${PYTHONPATH} /usr/bin/python3 -W ignore:setup.py install is deprecated -W ignore:easy_install command is deprecated setup.py develop --editable --build-directory /home/tufail39/ros2_ws_dod/build/my_action_package/build --no-deps symlink_data
