[0.238s] Invoking command in '/home/tufail39/ros2_ws_dod/build/my_robot_interfaces': CMAKE_PREFIX_PATH=/home/tufail39/ros2_ws_dod/install/my_action_package:/home/tufail39/ros2_ws_dod/install/my_robot_controller:/opt/ros/humble /usr/bin/cmake /home/tufail39/ros2_ws_dod/src/my_robot_interfaces -DAMENT_CMAKE_SYMLINK_INSTALL=1 -DCMAKE_INSTALL_PREFIX=/home/tufail39/ros2_ws_dod/install/my_robot_interfaces
[0.246s] -- Found ament_cmake: 1.3.11 (/opt/ros/humble/share/ament_cmake/cmake)
[0.349s] -- Override CMake install command with custom implementation using symlinks instead of copying resources
[0.355s] -- Found rosidl_default_generators: 1.2.0 (/opt/ros/humble/share/rosidl_default_generators/cmake)
[0.357s] -- Using all available rosidl_typesupport_c: rosidl_typesupport_fastrtps_c;rosidl_typesupport_introspection_c
[0.359s] -- Found rosidl_adapter: 3.1.6 (/opt/ros/humble/share/rosidl_adapter/cmake)
[0.386s] -- Using all available rosidl_typesupport_cpp: rosidl_typesupport_fastrtps_cpp;rosidl_typesupport_introspection_cpp
[0.659s] -- Found ament_cmake_ros: 0.10.0 (/opt/ros/humble/share/ament_cmake_ros/cmake)
[0.820s] -- Using all available rosidl_typesupport_c: rosidl_typesupport_fastrtps_c;rosidl_typesupport_introspection_c
[1.034s] -- Using all available rosidl_typesupport_cpp: rosidl_typesupport_fastrtps_cpp;rosidl_typesupport_introspection_cpp
[1.053s] -- Found python_cmake_module: 0.10.0 (/opt/ros/humble/share/python_cmake_module/cmake)
[1.072s] -- Using PYTHON_EXECUTABLE: /usr/bin/python3
[1.072s] -- Using PYTHON_INCLUDE_DIRS: /usr/include/python3.10
[1.072s] -- Using PYTHON_LIBRARIES: /usr/lib/x86_64-linux-gnu/libpython3.10.so
[1.089s] [31mCMake Error at CMakeLists.txt:14 (ament_export_depedencies):
[1.089s]   Unknown CMake command "ament_export_depedencies".
[1.089s] 
[1.089s] [0m
[1.089s] -- Configuring incomplete, errors occurred!
[1.089s] See also "/home/tufail39/ros2_ws_dod/build/my_robot_interfaces/CMakeFiles/CMakeOutput.log".
[1.094s] Invoked command in '/home/tufail39/ros2_ws_dod/build/my_robot_interfaces' returned '1': CMAKE_PREFIX_PATH=/home/tufail39/ros2_ws_dod/install/my_action_package:/home/tufail39/ros2_ws_dod/install/my_robot_controller:/opt/ros/humble /usr/bin/cmake /home/tufail39/ros2_ws_dod/src/my_robot_interfaces -DAMENT_CMAKE_SYMLINK_INSTALL=1 -DCMAKE_INSTALL_PREFIX=/home/tufail39/ros2_ws_dod/install/my_robot_interfaces
