[0.513s] Invoking command in '/home/tufail39/ros2_ws_dod/src/my_robot_controller': PYTHONPATH=/home/tufail39/ros2_ws_dod/build/my_robot_controller/prefix_override:/usr/lib/python3/dist-packages/colcon_core/task/python/colcon_distutils_commands:/home/tufail39/ros2_ws_dod/install/my_robot_controller/lib/python3.10/site-packages:${PYTHONPATH} /usr/bin/python3 -W ignore:setup.py install is deprecated setup.py egg_info --egg-base ../../build/my_robot_controller build --build-base /home/tufail39/ros2_ws_dod/build/my_robot_controller/build install --record /home/tufail39/ros2_ws_dod/build/my_robot_controller/install.log --single-version-externally-managed install_data
[0.721s] running egg_info
[0.722s] writing ../../build/my_robot_controller/my_robot_controller.egg-info/PKG-INFO
[0.722s] writing dependency_links to ../../build/my_robot_controller/my_robot_controller.egg-info/dependency_links.txt
[0.722s] writing entry points to ../../build/my_robot_controller/my_robot_controller.egg-info/entry_points.txt
[0.722s] writing requirements to ../../build/my_robot_controller/my_robot_controller.egg-info/requires.txt
[0.722s] writing top-level names to ../../build/my_robot_controller/my_robot_controller.egg-info/top_level.txt
[0.723s] reading manifest file '../../build/my_robot_controller/my_robot_controller.egg-info/SOURCES.txt'
[0.724s] writing manifest file '../../build/my_robot_controller/my_robot_controller.egg-info/SOURCES.txt'
[0.724s] running build
[0.724s] running build_py
[0.724s] copying my_robot_controller/my_first_node.py -> /home/tufail39/ros2_ws_dod/build/my_robot_controller/build/lib/my_robot_controller
[0.724s] running install
[0.725s] running install_lib
[0.725s] copying /home/tufail39/ros2_ws_dod/build/my_robot_controller/build/lib/my_robot_controller/my_first_node.py -> /home/tufail39/ros2_ws_dod/install/my_robot_controller/lib/python3.10/site-packages/my_robot_controller
[0.726s] byte-compiling /home/tufail39/ros2_ws_dod/install/my_robot_controller/lib/python3.10/site-packages/my_robot_controller/my_first_node.py to my_first_node.cpython-310.pyc
[0.726s] running install_data
[0.726s] running install_egg_info
[0.728s] removing '/home/tufail39/ros2_ws_dod/install/my_robot_controller/lib/python3.10/site-packages/my_robot_controller-0.0.0-py3.10.egg-info' (and everything under it)
[0.728s] Copying ../../build/my_robot_controller/my_robot_controller.egg-info to /home/tufail39/ros2_ws_dod/install/my_robot_controller/lib/python3.10/site-packages/my_robot_controller-0.0.0-py3.10.egg-info
[0.728s] running install_scripts
[0.746s] Installing test_node script to /home/tufail39/ros2_ws_dod/install/my_robot_controller/lib/my_robot_controller
[0.746s] writing list of installed files to '/home/tufail39/ros2_ws_dod/build/my_robot_controller/install.log'
[0.762s] Invoked command in '/home/tufail39/ros2_ws_dod/src/my_robot_controller' returned '0': PYTHONPATH=/home/tufail39/ros2_ws_dod/build/my_robot_controller/prefix_override:/usr/lib/python3/dist-packages/colcon_core/task/python/colcon_distutils_commands:/home/tufail39/ros2_ws_dod/install/my_robot_controller/lib/python3.10/site-packages:${PYTHONPATH} /usr/bin/python3 -W ignore:setup.py install is deprecated setup.py egg_info --egg-base ../../build/my_robot_controller build --build-base /home/tufail39/ros2_ws_dod/build/my_robot_controller/build install --record /home/tufail39/ros2_ws_dod/build/my_robot_controller/install.log --single-version-externally-managed install_data
