[0.242s] Invoking command in '/home/tufail39/ros2_ws_dod/build/my_robot_interfaces': CMAKE_PREFIX_PATH=/home/tufail39/ros2_ws_dod/install/my_action_package:/home/tufail39/ros2_ws_dod/install/my_robot_controller:/opt/ros/humble /usr/bin/cmake /home/tufail39/ros2_ws_dod/src/my_robot_interfaces -DAMENT_CMAKE_SYMLINK_INSTALL=1 -DCMAKE_INSTALL_PREFIX=/home/tufail39/ros2_ws_dod/install/my_robot_interfaces
[0.251s] -- Found ament_cmake: 1.3.11 (/opt/ros/humble/share/ament_cmake/cmake)
[0.359s] -- Override CMake install command with custom implementation using symlinks instead of copying resources
[0.366s] -- Found rosidl_default_generators: 1.2.0 (/opt/ros/humble/share/rosidl_default_generators/cmake)
[0.367s] -- Using all available rosidl_typesupport_c: rosidl_typesupport_fastrtps_c;rosidl_typesupport_introspection_c
[0.370s] -- Found rosidl_adapter: 3.1.6 (/opt/ros/humble/share/rosidl_adapter/cmake)
[0.398s] -- Using all available rosidl_typesupport_cpp: rosidl_typesupport_fastrtps_cpp;rosidl_typesupport_introspection_cpp
[0.691s] -- Found ament_cmake_ros: 0.10.0 (/opt/ros/humble/share/ament_cmake_ros/cmake)
[0.857s] -- Using all available rosidl_typesupport_c: rosidl_typesupport_fastrtps_c;rosidl_typesupport_introspection_c
[1.072s] -- Using all available rosidl_typesupport_cpp: rosidl_typesupport_fastrtps_cpp;rosidl_typesupport_introspection_cpp
[1.091s] -- Found PythonInterp: /usr/bin/python3 (found suitable version "3.10.12", minimum required is "3.6") 
[1.092s] -- Found python_cmake_module: 0.10.0 (/opt/ros/humble/share/python_cmake_module/cmake)
[1.116s] -- Found PythonLibs: /usr/lib/x86_64-linux-gnu/libpython3.10.so (found suitable version "3.10.12", minimum required is "3.5") 
[1.116s] -- Using PYTHON_EXECUTABLE: /usr/bin/python3
[1.116s] -- Using PYTHON_INCLUDE_DIRS: /usr/include/python3.10
[1.116s] -- Using PYTHON_LIBRARIES: /usr/lib/x86_64-linux-gnu/libpython3.10.so
[1.134s] -- Found PythonExtra: .so  
[1.169s] [31mCMake Error at CMakeLists.txt:15 (ament_export_depedencies):
[1.169s]   Unknown CMake command "ament_export_depedencies".
[1.169s] 
[1.169s] [0m
[1.169s] -- Configuring incomplete, errors occurred!
[1.169s] See also "/home/tufail39/ros2_ws_dod/build/my_robot_interfaces/CMakeFiles/CMakeOutput.log".
[1.174s] Invoked command in '/home/tufail39/ros2_ws_dod/build/my_robot_interfaces' returned '1': CMAKE_PREFIX_PATH=/home/tufail39/ros2_ws_dod/install/my_action_package:/home/tufail39/ros2_ws_dod/install/my_robot_controller:/opt/ros/humble /usr/bin/cmake /home/tufail39/ros2_ws_dod/src/my_robot_interfaces -DAMENT_CMAKE_SYMLINK_INSTALL=1 -DCMAKE_INSTALL_PREFIX=/home/tufail39/ros2_ws_dod/install/my_robot_interfaces
